This is pdfTeX, Version 3.141592653-2.6-1.40.24 (MiKTeX 22.12) (preloaded format=pdflatex 2022.12.13)  27 MAY 2023 11:35
entering extended mode
 \write18 enabled.
 %&-line parsing enabled.
**./main.tex
(main.tex
LaTeX2e <2022-11-01> patch level 1
L3 programming layer <2022-11-02>
(C:\Users\carls\AppData\Local\Programs\MiKTeX\tex/latex/koma-script\scrreprt.cl
s
Document Class: scrreprt 2022/10/12 v3.38 KOMA-Script document class (report)

(C:\Users\carls\AppData\Local\Programs\MiKTeX\tex/latex/koma-script\scrkbase.st
y
Package: scrkbase 2022/10/12 v3.38 KOMA-Script package (KOMA-Script-dependent b
asics and keyval usage)

(C:\Users\carls\AppData\Local\Programs\MiKTeX\tex/latex/koma-script\scrbase.sty
Package: scrbase 2022/10/12 v3.38 KOMA-Script package (KOMA-Script-independent 
basics and keyval usage)

(C:\Users\carls\AppData\Local\Programs\MiKTeX\tex/latex/koma-script\scrlfile.st
y
Package: scrlfile 2022/10/12 v3.38 KOMA-Script package (file load hooks)

(C:\Users\carls\AppData\Local\Programs\MiKTeX\tex/latex/koma-script\scrlfile-ho
ok.sty
Package: scrlfile-hook 2022/10/12 v3.38 KOMA-Script package (using LaTeX hooks)


(C:\Users\carls\AppData\Local\Programs\MiKTeX\tex/latex/koma-script\scrlogo.sty
Package: scrlogo 2022/10/12 v3.38 KOMA-Script package (logo)
))) (C:\Users\carls\AppData\Local\Programs\MiKTeX\tex/latex/graphics\keyval.sty
Package: keyval 2022/05/29 v1.15 key=value parser (DPC)
\KV@toks@=\toks16
)
Applying: [2021/05/01] Usage of raw or classic option list on input line 252.
Already applied: [0000/00/00] Usage of raw or classic option list on input line
 368.
))
(C:\Users\carls\AppData\Local\Programs\MiKTeX\tex/latex/koma-script\tocbasic.st
y
Package: tocbasic 2022/10/12 v3.38 KOMA-Script package (handling toc-files)
\scr@dte@tocline@numberwidth=\skip48
\scr@dte@tocline@numbox=\box51
)
Package tocbasic Info: omitting babel extension for `toc'
(tocbasic)             because of feature `nobabel' available
(tocbasic)             for `toc' on input line 137.
Package scrreprt Info: You've used standard option `11pt'.
(scrreprt)             This is correct!
(scrreprt)             Internally I'm using `fontsize=11pt'.
(scrreprt)             If you'd like to set the option with \KOMAoptions,
(scrreprt)             you'd have to use `fontsize=11pt' there
(scrreprt)             instead of `11pt', too.
Class scrreprt Info: You've used standard option `oneside'.
(scrreprt)           This is correct!
(scrreprt)           Internally I'm using `twoside=false'.
(scrreprt)           If you'd like to set the option with \KOMAoptions,
(scrreprt)           you'd have to use `twoside=false' there
(scrreprt)           instead of `oneside', too.


Class scrreprt Warning: You've used deprecated option `bibtotoc'.
(scrreprt)              Usage of this option indicates an old document
(scrreprt)              and changes compatibility level using
(scrreprt)              `bibliography=totoc,version=first,
(scrreprt)              enabledeprecatedfontcommands' that may result
(scrreprt)              in further warnings.
(scrreprt)              If you don't want this, you should simply
(scrreprt)              replace option `bibtotoc' by `bibliography=totoc'.

Class scrreprt Info: Switching compatibility level to `first'.

Class scrreprt Warning: Switching back to an old KOMA-Script release does
(scrreprt)              not mean, that KOMA-Script is fully compatible with
(scrreprt)              the old release. If you need full compatibility
(scrreprt)              to an old KOMA-Script release, you should use that
(scrreprt)              old KOMA-Script release. However, in that case you
(scrreprt)              could also need old releases of other packages and
(scrreprt)              even of the LaTeX kernel.
(scrreprt)              You should also note, that the KOMA-Script developers
(scrreprt)              refuse support for documents using `version=first'.
(scrreprt)              We recommend to eliminate all deprecated options
(scrreprt)              and commands. We also recommend to not use option
(scrreprt)              `version', i.e., with other values than `last'.


Class scrreprt Warning: deprecated option `enabledeprecatedfontcommands'.
(scrreprt)              Note, that this option was already depreacted when
(scrreprt)              it has been defined. Support for old font commands
(scrreprt)              has been removed from KOMA-Script more than one
(scrreprt)              decade ago. It is not recommended to use them any
(scrreprt)              longer. Therefore usage of this class option also
(scrreprt)              is not recommended.

Class scrreprt Info: File `scrsize11pt.clo' used to setup font sizes on input l
ine 2614.

(C:\Users\carls\AppData\Local\Programs\MiKTeX\tex/latex/koma-script\scrsize11pt
.clo
File: scrsize11pt.clo 2022/10/12 v3.38 KOMA-Script font size class option (11pt
)
)
(C:\Users\carls\AppData\Local\Programs\MiKTeX\tex/latex/koma-script\typearea.st
y
Package: typearea 2022/10/12 v3.38 KOMA-Script package (type area)
\ta@bcor=\skip49
\ta@div=\count185
Package typearea Info: You've used standard option `oneside'.
(typearea)             This is correct!
(typearea)             Internally I'm using `twoside=false'.
(typearea)             If you'd like to set the option with \KOMAoptions,
(typearea)             you'd have to use `twoside=false' there
(typearea)             instead of `oneside', too.
\ta@hblk=\skip50
\ta@vblk=\skip51
\ta@temp=\skip52
\footheight=\skip53


Package typearea Warning: Bad type area settings!
(typearea)                The detected line width is about 17%
(typearea)                larger than the heuristically estimated maximum
(typearea)                limit of typographical good line width.
(typearea)                You should e.g. decrease DIV, increase fontsize
(typearea)                or change papersize.

Package typearea Info: These are the values describing the layout:
(typearea)             DIV  = 13
(typearea)             BCOR = 0.0pt
(typearea)             \paperwidth      = 597.50793pt
(typearea)              \textwidth      = 459.6215pt
(typearea)              DIV departure   = -17%
(typearea)              \evensidemargin = -3.32678pt
(typearea)              \oddsidemargin  = -3.32678pt
(typearea)             \paperheight     = 845.04694pt
(typearea)              \textheight     = 623.00027pt
(typearea)              \topmargin      = -7.26639pt
(typearea)              \headheight     = 17.0pt
(typearea)              \headsep        = 20.40001pt
(typearea)              \topskip        = 11.0pt
(typearea)              \footskip       = 47.6pt
(typearea)              \baselineskip   = 13.6pt
(typearea)              on input line 1767.
)
\c@part=\count186
\c@chapter=\count187
\c@section=\count188
\c@subsection=\count189
\c@subsubsection=\count190
\c@paragraph=\count191
\c@subparagraph=\count192
\scr@dte@chapter@maxnumwidth=\skip54
Class scrreprt Info: using compatibility default `afterindent=bysign'
(scrreprt)           for `\chapter on input line 5902.
\scr@dte@section@maxnumwidth=\skip55
Class scrreprt Info: using compatibility default `runin=bysign'
(scrreprt)           for `\section on input line 5913.
Class scrreprt Info: using compatibility default `afterindent=bysign'
(scrreprt)           for `\section on input line 5913.
\scr@dte@part@maxnumwidth=\skip56
Class scrreprt Info: using compatibility default `afterindent=true'
(scrreprt)           for `\part on input line 5922.
\scr@dte@subsection@maxnumwidth=\skip57
Class scrreprt Info: using compatibility default `runin=bysign'
(scrreprt)           for `\subsection on input line 5932.
Class scrreprt Info: using compatibility default `afterindent=bysign'
(scrreprt)           for `\subsection on input line 5932.
\scr@dte@subsubsection@maxnumwidth=\skip58
Class scrreprt Info: using compatibility default `runin=bysign'
(scrreprt)           for `\subsubsection on input line 5942.
Class scrreprt Info: using compatibility default `afterindent=bysign'
(scrreprt)           for `\subsubsection on input line 5942.
\scr@dte@paragraph@maxnumwidth=\skip59
Class scrreprt Info: using compatibility default `runin=bysign'
(scrreprt)           for `\paragraph on input line 5953.
Class scrreprt Info: using compatibility default `afterindent=bysign'
(scrreprt)           for `\paragraph on input line 5953.
\scr@dte@subparagraph@maxnumwidth=\skip60
Class scrreprt Info: using compatibility default `runin=bysign'
(scrreprt)           for `\subparagraph on input line 5963.
Class scrreprt Info: using compatibility default `afterindent=bysign'
(scrreprt)           for `\subparagraph on input line 5963.
\abovecaptionskip=\skip61
\belowcaptionskip=\skip62
\c@pti@nb@sid@b@x=\box52
Package tocbasic Info: omitting babel extension for `lof'
(tocbasic)             because of feature `nobabel' available
(tocbasic)             for `lof' on input line 7140.
\scr@dte@figure@maxnumwidth=\skip63
\c@figure=\count193
Package tocbasic Info: omitting babel extension for `lot'
(tocbasic)             because of feature `nobabel' available
(tocbasic)             for `lot' on input line 7157.
\scr@dte@table@maxnumwidth=\skip64
\c@table=\count194
Class scrreprt Info: Using old \@makefntext due to compatibility level
(scrreprt)           less than 3.22 on input line 7315.
Class scrreprt Info: Redefining `\numberline' on input line 7328.
\bibindent=\dimen140
) (C:\Users\carls\AppData\Local\Programs\MiKTeX\tex/latex/base\inputenc.sty
Package: inputenc 2021/02/14 v1.3d Input encoding file
\inpenc@prehook=\toks17
\inpenc@posthook=\toks18
)
(C:\Users\carls\AppData\Local\Programs\MiKTeX\tex/latex/base\fontenc.sty
Package: fontenc 2021/04/29 v2.0v Standard LaTeX package
)
(C:\Users\carls\AppData\Local\Programs\MiKTeX\tex/generic/babel\babel.sty
Package: babel 2022/11/30 3.83 The Babel package
\babel@savecnt=\count195
\U@D=\dimen141
\l@unhyphenated=\language79

(C:\Users\carls\AppData\Local\Programs\MiKTeX\tex/generic/babel\txtbabel.def)
\bbl@readstream=\read2
\bbl@dirlevel=\count196

*************************************
* Local config file bblopts.cfg used
*
(C:\Users\carls\AppData\Local\Programs\MiKTeX\tex/latex/arabi\bblopts.cfg
File: bblopts.cfg 2005/09/08 v0.1 add Arabic and Farsi to "declared" options of
 babel
)
(C:\Users\carls\AppData\Local\Programs\MiKTeX\tex/latex/babel-german\ngerman.ld
f
Language: ngerman 2021/02/27 v2.13 German support for babel (post-1996 orthogra
phy)

(C:\Users\carls\AppData\Local\Programs\MiKTeX\tex/latex/babel-german\ngermanb.l
df
Language: ngermanb 2021/02/27 v2.13 German support for babel (post-1996 orthogr
aphy)
Package babel Info: Making " an active character on input line 122.
)))
(C:\Users\carls\AppData\Local\Programs\MiKTeX\tex/generic/babel/locale/de\babel
-ngerman.tex
Package babel Info: Importing font and identification data for ngerman
(babel)             from babel-de.ini. Reported on input line 11.
)
(C:\Users\carls\AppData\Local\Programs\MiKTeX\tex/latex/blindtext\blindtext.sty
Package: blindtext 2012/01/06 V2.0 blindtext-Package
(C:\Users\carls\AppData\Local\Programs\MiKTeX\tex/latex/tools\xspace.sty
Package: xspace 2014/10/28 v1.13 Space after command names (DPC,MH)
)
\c@blindtext=\count197
\c@Blindtext=\count198
\c@blind@countparstart=\count199
\blind@countxx=\count266
\blindtext@numBlindtext=\count267
\blind@countyy=\count268
\c@blindlist=\count269
\c@blindlistlevel=\count270
\c@blindlist@level=\count271
\blind@listitem=\count272
\c@blind@listcount=\count273
\c@blind@levelcount=\count274
\blind@mathformula=\count275
\blind@Mathformula=\count276
\c@blind@randomcount=\count277
\c@blind@randommax=\count278
\c@blind@pangramcount=\count279
\c@blind@pangrammax=\count280
)
(C:\Users\carls\AppData\Local\Programs\MiKTeX\tex/latex/lm\lmodern.sty
Package: lmodern 2015/05/01 v1.6.1 Latin Modern Fonts
LaTeX Font Info:    Overwriting symbol font `operators' in version `normal'
(Font)                  OT1/cmr/m/n --> OT1/lmr/m/n on input line 22.
LaTeX Font Info:    Overwriting symbol font `letters' in version `normal'
(Font)                  OML/cmm/m/it --> OML/lmm/m/it on input line 23.
LaTeX Font Info:    Overwriting symbol font `symbols' in version `normal'
(Font)                  OMS/cmsy/m/n --> OMS/lmsy/m/n on input line 24.
LaTeX Font Info:    Overwriting symbol font `largesymbols' in version `normal'
(Font)                  OMX/cmex/m/n --> OMX/lmex/m/n on input line 25.
LaTeX Font Info:    Overwriting symbol font `operators' in version `bold'
(Font)                  OT1/cmr/bx/n --> OT1/lmr/bx/n on input line 26.
LaTeX Font Info:    Overwriting symbol font `letters' in version `bold'
(Font)                  OML/cmm/b/it --> OML/lmm/b/it on input line 27.
LaTeX Font Info:    Overwriting symbol font `symbols' in version `bold'
(Font)                  OMS/cmsy/b/n --> OMS/lmsy/b/n on input line 28.
LaTeX Font Info:    Overwriting symbol font `largesymbols' in version `bold'
(Font)                  OMX/cmex/m/n --> OMX/lmex/m/n on input line 29.
LaTeX Font Info:    Overwriting math alphabet `\mathbf' in version `normal'
(Font)                  OT1/cmr/bx/n --> OT1/lmr/bx/n on input line 31.
LaTeX Font Info:    Overwriting math alphabet `\mathsf' in version `normal'
(Font)                  OT1/cmss/m/n --> OT1/lmss/m/n on input line 32.
LaTeX Font Info:    Overwriting math alphabet `\mathit' in version `normal'
(Font)                  OT1/cmr/m/it --> OT1/lmr/m/it on input line 33.
LaTeX Font Info:    Overwriting math alphabet `\mathtt' in version `normal'
(Font)                  OT1/cmtt/m/n --> OT1/lmtt/m/n on input line 34.
LaTeX Font Info:    Overwriting math alphabet `\mathbf' in version `bold'
(Font)                  OT1/cmr/bx/n --> OT1/lmr/bx/n on input line 35.
LaTeX Font Info:    Overwriting math alphabet `\mathsf' in version `bold'
(Font)                  OT1/cmss/bx/n --> OT1/lmss/bx/n on input line 36.
LaTeX Font Info:    Overwriting math alphabet `\mathit' in version `bold'
(Font)                  OT1/cmr/bx/it --> OT1/lmr/bx/it on input line 37.
LaTeX Font Info:    Overwriting math alphabet `\mathtt' in version `bold'
(Font)                  OT1/cmtt/m/n --> OT1/lmtt/m/n on input line 38.
)
(C:\Users\carls\AppData\Local\Programs\MiKTeX\tex/latex/sansmath\sansmath.sty
Package: sansmath 2007/02/28  ver 1.1 Donald Arseneau
\c@mv@sans=\count281
LaTeX Font Info:    Overwriting math alphabet `\mathrm' in version `sans'
(Font)                  OT1/cmr/m/n --> OT1/lmss/m/n on input line 103.
LaTeX Font Info:    Overwriting math alphabet `\mathsfsl' in version `sans'
(Font)                  OT1/lmss/m/sl --> OT1/lmss/m/sl on input line 104.
LaTeX Font Info:    Overwriting symbol font `operators' in version `sans'
(Font)                  OT1/cmr/m/n --> OT1/lmss/m/n on input line 105.
LaTeX Font Info:    Overwriting symbol font `letters' in version `sans'
(Font)                  OML/cmm/m/it --> OML/cmm/m/it on input line 109.
LaTeX Font Info:    Overwriting symbol font `symbols' in version `sans'
(Font)                  OMS/cmsy/m/n --> OMS/cmsy/m/n on input line 110.
LaTeX Font Info:    Overwriting math alphabet `\mathsfbf' in version `sans'
(Font)                  OT1/lmss/bx/sl --> OT1/lmss/bx/n on input line 112.
)
(C:\Users\carls\AppData\Local\Programs\MiKTeX\tex/latex/microtype\microtype.sty
Package: microtype 2022/06/23 v3.0f Micro-typographical refinements (RS)
(C:\Users\carls\AppData\Local\Programs\MiKTeX\tex/latex/etoolbox\etoolbox.sty
Package: etoolbox 2020/10/05 v2.5k e-TeX tools for LaTeX (JAW)
\etb@tempcnta=\count282
)
\MT@toks=\toks19
\MT@tempbox=\box53
\MT@count=\count283
LaTeX Info: Redefining \noprotrusionifhmode on input line 1045.
LaTeX Info: Redefining \leftprotrusion on input line 1046.
LaTeX Info: Redefining \rightprotrusion on input line 1056.
LaTeX Info: Redefining \textls on input line 1234.
\MT@outer@kern=\dimen142
LaTeX Info: Redefining \textmicrotypecontext on input line 1858.
\MT@listname@count=\count284

(C:\Users\carls\AppData\Local\Programs\MiKTeX\tex/latex/microtype\microtype-pdf
tex.def
File: microtype-pdftex.def 2022/06/23 v3.0f Definitions specific to pdftex (RS)

LaTeX Info: Redefining \lsstyle on input line 900.
LaTeX Info: Redefining \lslig on input line 900.
\MT@outer@space=\skip65
)
Package microtype Info: Loading configuration file microtype.cfg.

(C:\Users\carls\AppData\Local\Programs\MiKTeX\tex/latex/microtype\microtype.cfg
File: microtype.cfg 2022/06/23 v3.0f microtype main configuration file (RS)
))
(C:\Users\carls\AppData\Local\Programs\MiKTeX\tex/latex/biblatex\biblatex.sty
Package: biblatex 2022/07/12 v3.18b programmable bibliographies (PK/MW)

(C:\Users\carls\AppData\Local\Programs\MiKTeX\tex/generic/pdftexcmds\pdftexcmds
.sty
Package: pdftexcmds 2020-06-27 v0.33 Utility functions of pdfTeX for LuaTeX (HO
)

(C:\Users\carls\AppData\Local\Programs\MiKTeX\tex/generic/infwarerr\infwarerr.s
ty
Package: infwarerr 2019/12/03 v1.5 Providing info/warning/error messages (HO)
) (C:\Users\carls\AppData\Local\Programs\MiKTeX\tex/generic/iftex\iftex.sty
Package: iftex 2022/02/03 v1.0f TeX engine tests
)
(C:\Users\carls\AppData\Local\Programs\MiKTeX\tex/generic/ltxcmds\ltxcmds.sty
Package: ltxcmds 2020-05-10 v1.25 LaTeX kernel commands for general use (HO)
)
Package pdftexcmds Info: \pdf@primitive is available.
Package pdftexcmds Info: \pdf@ifprimitive is available.
Package pdftexcmds Info: \pdfdraftmode found.
)
(C:\Users\carls\AppData\Local\Programs\MiKTeX\tex/latex/kvoptions\kvoptions.sty
Package: kvoptions 2022-06-15 v3.15 Key value format for package options (HO)

(C:\Users\carls\AppData\Local\Programs\MiKTeX\tex/latex/kvsetkeys\kvsetkeys.sty
Package: kvsetkeys 2022-10-05 v1.19 Key value parser (HO)
)) (C:\Users\carls\AppData\Local\Programs\MiKTeX\tex/latex/logreq\logreq.sty
Package: logreq 2010/08/04 v1.0 xml request logger
\lrq@indent=\count285

(C:\Users\carls\AppData\Local\Programs\MiKTeX\tex/latex/logreq\logreq.def
File: logreq.def 2010/08/04 v1.0 logreq spec v1.0
))
(C:\Users\carls\AppData\Local\Programs\MiKTeX\tex/latex/base\ifthen.sty
Package: ifthen 2022/04/13 v1.1d Standard LaTeX ifthen package (DPC)
)
(C:\Users\carls\AppData\Local\Programs\MiKTeX\tex/latex/url\url.sty
\Urlmuskip=\muskip16
Package: url 2013/09/16  ver 3.4  Verb mode for urls, etc.
)
\c@tabx@nest=\count286
\c@listtotal=\count287
\c@listcount=\count288
\c@liststart=\count289
\c@liststop=\count290
\c@citecount=\count291
\c@citetotal=\count292
\c@multicitecount=\count293
\c@multicitetotal=\count294
\c@instcount=\count295
\c@maxnames=\count296
\c@minnames=\count297
\c@maxitems=\count298
\c@minitems=\count299
\c@citecounter=\count300
\c@maxcitecounter=\count301
\c@savedcitecounter=\count302
\c@uniquelist=\count303
\c@uniquename=\count304
\c@refsection=\count305
\c@refsegment=\count306
\c@maxextratitle=\count307
\c@maxextratitleyear=\count308
\c@maxextraname=\count309
\c@maxextradate=\count310
\c@maxextraalpha=\count311
\c@abbrvpenalty=\count312
\c@highnamepenalty=\count313
\c@lownamepenalty=\count314
\c@maxparens=\count315
\c@parenlevel=\count316
\blx@tempcnta=\count317
\blx@tempcntb=\count318
\blx@tempcntc=\count319
\c@blx@maxsection=\count320
\blx@maxsegment@0=\count321
\blx@notetype=\count322
\blx@parenlevel@text=\count323
\blx@parenlevel@foot=\count324
\blx@sectionciteorder@0=\count325
\blx@sectionciteorderinternal@0=\count326
\blx@entrysetcounter=\count327
\blx@biblioinstance=\count328
\labelnumberwidth=\skip66
\labelalphawidth=\skip67
\biblabelsep=\skip68
\bibitemsep=\skip69
\bibnamesep=\skip70
\bibinitsep=\skip71
\bibparsep=\skip72
\bibhang=\skip73
\blx@bcfin=\read3
\blx@bcfout=\write3
\blx@langwohyphens=\language80
\c@mincomprange=\count329
\c@maxcomprange=\count330
\c@mincompwidth=\count331
Package biblatex Info: Trying to load biblatex default data model...
Package biblatex Info: ... file 'blx-dm.def' found.

(C:\Users\carls\AppData\Local\Programs\MiKTeX\tex/latex/biblatex\blx-dm.def
File: blx-dm.def 2022/07/12 v3.18b biblatex localization (PK/MW)
)
Package biblatex Info: Trying to load biblatex style data model...
Package biblatex Info: ... file 'numeric-comp.dbx' not found.
Package biblatex Info: Trying to load biblatex custom data model...
Package biblatex Info: ... file 'biblatex-dm.cfg' not found.
\c@afterword=\count332
\c@savedafterword=\count333
\c@annotator=\count334
\c@savedannotator=\count335
\c@author=\count336
\c@savedauthor=\count337
\c@bookauthor=\count338
\c@savedbookauthor=\count339
\c@commentator=\count340
\c@savedcommentator=\count341
\c@editor=\count342
\c@savededitor=\count343
\c@editora=\count344
\c@savededitora=\count345
\c@editorb=\count346
\c@savededitorb=\count347
\c@editorc=\count348
\c@savededitorc=\count349
\c@foreword=\count350
\c@savedforeword=\count351
\c@holder=\count352
\c@savedholder=\count353
\c@introduction=\count354
\c@savedintroduction=\count355
\c@namea=\count356
\c@savednamea=\count357
\c@nameb=\count358
\c@savednameb=\count359
\c@namec=\count360
\c@savednamec=\count361
\c@translator=\count362
\c@savedtranslator=\count363
\c@shortauthor=\count364
\c@savedshortauthor=\count365
\c@shorteditor=\count366
\c@savedshorteditor=\count367
\c@labelname=\count368
\c@savedlabelname=\count369
\c@institution=\count370
\c@savedinstitution=\count371
\c@lista=\count372
\c@savedlista=\count373
\c@listb=\count374
\c@savedlistb=\count375
\c@listc=\count376
\c@savedlistc=\count377
\c@listd=\count378
\c@savedlistd=\count379
\c@liste=\count380
\c@savedliste=\count381
\c@listf=\count382
\c@savedlistf=\count383
\c@location=\count384
\c@savedlocation=\count385
\c@organization=\count386
\c@savedorganization=\count387
\c@origlocation=\count388
\c@savedoriglocation=\count389
\c@origpublisher=\count390
\c@savedorigpublisher=\count391
\c@publisher=\count392
\c@savedpublisher=\count393
\c@language=\count394
\c@savedlanguage=\count395
\c@origlanguage=\count396
\c@savedoriglanguage=\count397
\c@pageref=\count398
\c@savedpageref=\count399
\shorthandwidth=\skip74
\shortjournalwidth=\skip75
\shortserieswidth=\skip76
\shorttitlewidth=\skip77
\shortauthorwidth=\skip78
\shorteditorwidth=\skip79
\locallabelnumberwidth=\skip80
\locallabelalphawidth=\skip81
\localshorthandwidth=\skip82
\localshortjournalwidth=\skip83
\localshortserieswidth=\skip84
\localshorttitlewidth=\skip85
\localshortauthorwidth=\skip86
\localshorteditorwidth=\skip87
Package biblatex Info: Trying to load compatibility code...
Package biblatex Info: ... file 'blx-compat.def' found.

(C:\Users\carls\AppData\Local\Programs\MiKTeX\tex/latex/biblatex\blx-compat.def
File: blx-compat.def 2022/07/12 v3.18b biblatex compatibility (PK/MW)
)
Package biblatex Info: Trying to load generic definitions...
Package biblatex Info: ... file 'biblatex.def' found.
 (C:\Users\carls\AppData\Local\Programs\MiKTeX\tex/latex/biblatex\biblatex.def
File: biblatex.def 2022/07/12 v3.18b biblatex compatibility (PK/MW)
\c@textcitecount=\count400
\c@textcitetotal=\count401
\c@textcitemaxnames=\count402
\c@biburlbigbreakpenalty=\count403
\c@biburlbreakpenalty=\count404
\c@biburlnumpenalty=\count405
\c@biburlucpenalty=\count406
\c@biburllcpenalty=\count407
\biburlbigskip=\muskip17
\biburlnumskip=\muskip18
\biburlucskip=\muskip19
\biburllcskip=\muskip20
\c@smartand=\count408
)
Package biblatex Info: Trying to load bibliography style 'numeric-comp'...
Package biblatex Info: ... file 'numeric-comp.bbx' found.

(C:\Users\carls\AppData\Local\Programs\MiKTeX\tex/latex/biblatex/bbx\numeric-co
mp.bbx
File: numeric-comp.bbx 2022/07/12 v3.18b biblatex bibliography style (PK/MW)
Package biblatex Info: Trying to load bibliography style 'numeric'...
Package biblatex Info: ... file 'numeric.bbx' found.

(C:\Users\carls\AppData\Local\Programs\MiKTeX\tex/latex/biblatex/bbx\numeric.bb
x
File: numeric.bbx 2022/07/12 v3.18b biblatex bibliography style (PK/MW)
Package biblatex Info: Trying to load bibliography style 'standard'...
Package biblatex Info: ... file 'standard.bbx' found.

(C:\Users\carls\AppData\Local\Programs\MiKTeX\tex/latex/biblatex/bbx\standard.b
bx
File: standard.bbx 2022/07/12 v3.18b biblatex bibliography style (PK/MW)
\c@bbx:relatedcount=\count409
\c@bbx:relatedtotal=\count410
)))
Package biblatex Info: Trying to load citation style 'numeric-comp'...
Package biblatex Info: ... file 'numeric-comp.cbx' found.

(C:\Users\carls\AppData\Local\Programs\MiKTeX\tex/latex/biblatex/cbx\numeric-co
mp.cbx
File: numeric-comp.cbx 2022/07/12 v3.18b biblatex citation style (PK/MW)
\c@cbx@tempcnta=\count411
\c@cbx@tempcntb=\count412
\c@cbx@tempcntc=\count413
\c@cbx@tempcntd=\count414
Package biblatex Info: Redefining '\cite'.
Package biblatex Info: Redefining '\parencite'.
Package biblatex Info: Redefining '\footcite'.
Package biblatex Info: Redefining '\footcitetext'.
Package biblatex Info: Redefining '\smartcite'.
Package biblatex Info: Redefining '\supercite'.
Package biblatex Info: Redefining '\textcite'.
Package biblatex Info: Redefining '\textcites'.
Package biblatex Info: Redefining '\cites'.
Package biblatex Info: Redefining '\parencites'.
Package biblatex Info: Redefining '\smartcites'.
)
Package biblatex Info: Trying to load configuration file...
Package biblatex Info: ... file 'biblatex.cfg' found.

(C:\Users\carls\AppData\Local\Programs\MiKTeX\tex/latex/biblatex\biblatex.cfg
File: biblatex.cfg 
)
Package biblatex Info: Input encoding 'utf8' detected.
Package biblatex Info: Document encoding is UTF8 ....

(C:\Users\carls\AppData\Local\Programs\MiKTeX\tex/latex/l3kernel\expl3.sty
Package: expl3 2022-11-02 L3 programming layer (loader) 

(C:\Users\carls\AppData\Local\Programs\MiKTeX\tex/latex/l3backend\l3backend-pdf
tex.def
File: l3backend-pdftex.def 2022-10-26 L3 backend support: PDF output (pdfTeX)
\l__color_backend_stack_int=\count415
\l__pdf_internal_box=\box54
))
Package biblatex Info: ... and expl3
(biblatex)             2022-11-02 L3 programming layer (loader) 
(biblatex)             is new enough (at least 2020/04/06),
(biblatex)             setting 'casechanger=expl3'.

(C:\Users\carls\AppData\Local\Programs\MiKTeX\tex/latex/biblatex\blx-case-expl3
.sty
(C:\Users\carls\AppData\Local\Programs\MiKTeX\tex/latex/l3packages/xparse\xpars
e.sty
Package: xparse 2022-06-22 L3 Experimental document command parser
)
Package: blx-case-expl3 2022/07/12 v3.18b expl3 case changing code for biblatex

))
(C:\Users\carls\AppData\Local\Programs\MiKTeX\tex/latex/amsmath\amsmath.sty
Package: amsmath 2022/04/08 v2.17n AMS math features
\@mathmargin=\skip88

For additional information on amsmath, use the `?' option.
(C:\Users\carls\AppData\Local\Programs\MiKTeX\tex/latex/amsmath\amstext.sty
Package: amstext 2021/08/26 v2.01 AMS text

(C:\Users\carls\AppData\Local\Programs\MiKTeX\tex/latex/amsmath\amsgen.sty
File: amsgen.sty 1999/11/30 v2.0 generic functions
\@emptytoks=\toks20
\ex@=\dimen143
))
(C:\Users\carls\AppData\Local\Programs\MiKTeX\tex/latex/amsmath\amsbsy.sty
Package: amsbsy 1999/11/29 v1.2d Bold Symbols
\pmbraise@=\dimen144
)
(C:\Users\carls\AppData\Local\Programs\MiKTeX\tex/latex/amsmath\amsopn.sty
Package: amsopn 2022/04/08 v2.04 operator names
)
\inf@bad=\count416
LaTeX Info: Redefining \frac on input line 234.
\uproot@=\count417
\leftroot@=\count418
LaTeX Info: Redefining \overline on input line 399.
LaTeX Info: Redefining \colon on input line 410.
\classnum@=\count419
\DOTSCASE@=\count420
LaTeX Info: Redefining \ldots on input line 496.
LaTeX Info: Redefining \dots on input line 499.
LaTeX Info: Redefining \cdots on input line 620.
\Mathstrutbox@=\box55
\strutbox@=\box56
LaTeX Info: Redefining \big on input line 722.
LaTeX Info: Redefining \Big on input line 723.
LaTeX Info: Redefining \bigg on input line 724.
LaTeX Info: Redefining \Bigg on input line 725.
\big@size=\dimen145
LaTeX Font Info:    Redeclaring font encoding OML on input line 743.
LaTeX Font Info:    Redeclaring font encoding OMS on input line 744.
\macc@depth=\count421
LaTeX Info: Redefining \bmod on input line 905.
LaTeX Info: Redefining \pmod on input line 910.
LaTeX Info: Redefining \smash on input line 940.
LaTeX Info: Redefining \relbar on input line 970.
LaTeX Info: Redefining \Relbar on input line 971.
\c@MaxMatrixCols=\count422
\dotsspace@=\muskip21
\c@parentequation=\count423
\dspbrk@lvl=\count424
\tag@help=\toks21
\row@=\count425
\column@=\count426
\maxfields@=\count427
\andhelp@=\toks22
\eqnshift@=\dimen146
\alignsep@=\dimen147
\tagshift@=\dimen148
\tagwidth@=\dimen149
\totwidth@=\dimen150
\lineht@=\dimen151
\@envbody=\toks23
\multlinegap=\skip89
\multlinetaggap=\skip90
\mathdisplay@stack=\toks24
LaTeX Info: Redefining \[ on input line 2953.
LaTeX Info: Redefining \] on input line 2954.
)
(C:\Users\carls\AppData\Local\Programs\MiKTeX\tex/latex/amsfonts\amssymb.sty
Package: amssymb 2013/01/14 v3.01 AMS font symbols

(C:\Users\carls\AppData\Local\Programs\MiKTeX\tex/latex/amsfonts\amsfonts.sty
Package: amsfonts 2013/01/14 v3.01 Basic AMSFonts support
\symAMSa=\mathgroup4
\symAMSb=\mathgroup5
LaTeX Font Info:    Redeclaring math symbol \hbar on input line 98.
LaTeX Font Info:    Overwriting math alphabet `\mathfrak' in version `bold'
(Font)                  U/euf/m/n --> U/euf/b/n on input line 106.
)) (C:\Users\carls\AppData\Local\Programs\MiKTeX\tex/latex/graphics\graphicx.st
y
Package: graphicx 2021/09/16 v1.2d Enhanced LaTeX Graphics (DPC,SPQR)

(C:\Users\carls\AppData\Local\Programs\MiKTeX\tex/latex/graphics\graphics.sty
Package: graphics 2022/03/10 v1.4e Standard LaTeX Graphics (DPC,SPQR)

(C:\Users\carls\AppData\Local\Programs\MiKTeX\tex/latex/graphics\trig.sty
Package: trig 2021/08/11 v1.11 sin cos tan (DPC)
)
(C:\Users\carls\AppData\Local\Programs\MiKTeX\tex/latex/graphics-cfg\graphics.c
fg
File: graphics.cfg 2016/06/04 v1.11 sample graphics configuration
)
Package graphics Info: Driver file: pdftex.def on input line 107.

(C:\Users\carls\AppData\Local\Programs\MiKTeX\tex/latex/graphics-def\pdftex.def
File: pdftex.def 2022/09/22 v1.2b Graphics/color driver for pdftex
))
\Gin@req@height=\dimen152
\Gin@req@width=\dimen153
) (C:\Users\carls\AppData\Local\Programs\MiKTeX\tex/latex/svg\svg.sty
Package: svg 2020/11/26 v2.02k (include SVG pictures)

(C:\Users\carls\AppData\Local\Programs\MiKTeX\tex/latex/trimspaces\trimspaces.s
ty
Package: trimspaces 2009/09/17 v1.1 Trim spaces around a token list
) (C:\Users\carls\AppData\Local\Programs\MiKTeX\tex/latex/tools\shellesc.sty
Package: shellesc 2019/11/08 v1.0c unified shell escape interface for LaTeX
Package shellesc Info: Unrestricted shell escape enabled on input line 75.
)
(C:\Users\carls\AppData\Local\Programs\MiKTeX\tex/latex/ifplatform\ifplatform.s
ty
Package: ifplatform 2017/10/13 v0.4a Testing for the operating system

(C:\Users\carls\AppData\Local\Programs\MiKTeX\tex/generic/catchfile\catchfile.s
ty
Package: catchfile 2019/12/09 v1.8 Catch the contents of a file (HO)

(C:\Users\carls\AppData\Local\Programs\MiKTeX\tex/generic/etexcmds\etexcmds.sty
Package: etexcmds 2019/12/15 v1.7 Avoid name clashes with e-TeX commands (HO)
)) (C:\Users\carls\AppData\Local\Programs\MiKTeX\tex/generic/iftex\ifluatex.sty
Package: ifluatex 2019/10/25 v1.5 ifluatex legacy package. Use iftex instead.
))
\c@svg@param@lastpage=\count428
\svg@box=\box57
\c@svg@param@currpage=\count429
) (C:\Users\carls\AppData\Local\Programs\MiKTeX\tex/latex/xcolor\xcolor.sty
Package: xcolor 2022/06/12 v2.14 LaTeX color extensions (UK)

(C:\Users\carls\AppData\Local\Programs\MiKTeX\tex/latex/graphics-cfg\color.cfg
File: color.cfg 2016/01/02 v1.6 sample color configuration
)
Package xcolor Info: Driver file: pdftex.def on input line 227.
(C:\Users\carls\AppData\Local\Programs\MiKTeX\tex/latex/graphics\mathcolor.ltx)
Package xcolor Info: Model `cmy' substituted by `cmy0' on input line 1353.
Package xcolor Info: Model `hsb' substituted by `rgb' on input line 1357.
Package xcolor Info: Model `RGB' extended on input line 1369.
Package xcolor Info: Model `HTML' substituted by `rgb' on input line 1371.
Package xcolor Info: Model `Hsb' substituted by `hsb' on input line 1372.
Package xcolor Info: Model `tHsb' substituted by `hsb' on input line 1373.
Package xcolor Info: Model `HSB' substituted by `hsb' on input line 1374.
Package xcolor Info: Model `Gray' substituted by `gray' on input line 1375.
Package xcolor Info: Model `wave' substituted by `hsb' on input line 1376.
)
(C:\Users\carls\AppData\Local\Programs\MiKTeX\tex/latex/transparent\transparent
.sty
Package: transparent 2019/11/29 v1.4 Transparency via pdfTeX's color stack (HO)


(C:\Users\carls\AppData\Local\Programs\MiKTeX\tex/latex/auxhook\auxhook.sty
Package: auxhook 2019-12-17 v1.6 Hooks for auxiliary files (HO)
))
(C:\Users\carls\AppData\Local\Programs\MiKTeX\tex/latex/pgf/systemlayer\pgfsys.
sty
(C:\Users\carls\AppData\Local\Programs\MiKTeX\tex/latex/pgf/utilities\pgfrcs.st
y
(C:\Users\carls\AppData\Local\Programs\MiKTeX\tex/generic/pgf/utilities\pgfutil
-common.tex
\pgfutil@everybye=\toks25
\pgfutil@tempdima=\dimen154
\pgfutil@tempdimb=\dimen155

(C:\Users\carls\AppData\Local\Programs\MiKTeX\tex/generic/pgf/utilities\pgfutil
-common-lists.tex))
(C:\Users\carls\AppData\Local\Programs\MiKTeX\tex/generic/pgf/utilities\pgfutil
-latex.def
\pgfutil@abb=\box58
)
(C:\Users\carls\AppData\Local\Programs\MiKTeX\tex/generic/pgf/utilities\pgfrcs.
code.tex
(C:\Users\carls\AppData\Local\Programs\MiKTeX\tex/generic/pgf\pgf.revision.tex)
Package: pgfrcs 2021/05/15 v3.1.9a (3.1.9a)
))
(C:\Users\carls\AppData\Local\Programs\MiKTeX\tex/generic/pgf/systemlayer\pgfsy
s.code.tex
Package: pgfsys 2021/05/15 v3.1.9a (3.1.9a)

(C:\Users\carls\AppData\Local\Programs\MiKTeX\tex/generic/pgf/utilities\pgfkeys
.code.tex
\pgfkeys@pathtoks=\toks26
\pgfkeys@temptoks=\toks27

(C:\Users\carls\AppData\Local\Programs\MiKTeX\tex/generic/pgf/utilities\pgfkeys
filtered.code.tex
\pgfkeys@tmptoks=\toks28
))
\pgf@x=\dimen156
\pgf@y=\dimen157
\pgf@xa=\dimen158
\pgf@ya=\dimen159
\pgf@xb=\dimen160
\pgf@yb=\dimen161
\pgf@xc=\dimen162
\pgf@yc=\dimen163
\pgf@xd=\dimen164
\pgf@yd=\dimen165
\w@pgf@writea=\write4
\r@pgf@reada=\read4
\c@pgf@counta=\count430
\c@pgf@countb=\count431
\c@pgf@countc=\count432
\c@pgf@countd=\count433
\t@pgf@toka=\toks29
\t@pgf@tokb=\toks30
\t@pgf@tokc=\toks31
\pgf@sys@id@count=\count434

(C:\Users\carls\AppData\Local\Programs\MiKTeX\tex/generic/pgf/systemlayer\pgf.c
fg
File: pgf.cfg 2021/05/15 v3.1.9a (3.1.9a)
)
Driver file for pgf: pgfsys-pdftex.def

(C:\Users\carls\AppData\Local\Programs\MiKTeX\tex/generic/pgf/systemlayer\pgfsy
s-pdftex.def
File: pgfsys-pdftex.def 2021/05/15 v3.1.9a (3.1.9a)

(C:\Users\carls\AppData\Local\Programs\MiKTeX\tex/generic/pgf/systemlayer\pgfsy
s-common-pdf.def
File: pgfsys-common-pdf.def 2021/05/15 v3.1.9a (3.1.9a)
)))
(C:\Users\carls\AppData\Local\Programs\MiKTeX\tex/generic/pgf/systemlayer\pgfsy
ssoftpath.code.tex
File: pgfsyssoftpath.code.tex 2021/05/15 v3.1.9a (3.1.9a)
\pgfsyssoftpath@smallbuffer@items=\count435
\pgfsyssoftpath@bigbuffer@items=\count436
)
(C:\Users\carls\AppData\Local\Programs\MiKTeX\tex/generic/pgf/systemlayer\pgfsy
sprotocol.code.tex
File: pgfsysprotocol.code.tex 2021/05/15 v3.1.9a (3.1.9a)
))
(C:\Users\carls\AppData\Local\Programs\MiKTeX\tex/latex/subfig\subfig.sty
Package: subfig 2005/06/28 ver: 1.3 subfig package

(C:\Users\carls\AppData\Local\Programs\MiKTeX\tex/latex/caption\caption.sty
Package: caption 2022/03/01 v3.6b Customizing captions (AR)

(C:\Users\carls\AppData\Local\Programs\MiKTeX\tex/latex/caption\caption3.sty
Package: caption3 2022/03/17 v2.3b caption3 kernel (AR)
\caption@tempdima=\dimen166
\captionmargin=\dimen167
\caption@leftmargin=\dimen168
\caption@rightmargin=\dimen169
\caption@width=\dimen170
\caption@indent=\dimen171
\caption@parindent=\dimen172
\caption@hangindent=\dimen173
Package caption Info: KOMA-Script document class detected.

(C:\Users\carls\AppData\Local\Programs\MiKTeX\tex/latex/caption\caption-koma.st
o
File: caption-koma.sto 2020/09/21 v2.0b Adaption of the caption package to the 
KOMA-Script document classes (AR)
))
\c@caption@flags=\count437
\c@continuedfloat=\count438
)
\c@KVtest=\count439
\sf@farskip=\skip91
\sf@captopadj=\dimen174
\sf@capskip=\skip92
\sf@nearskip=\skip93
\c@subfigure=\count440
\c@subfigure@save=\count441
\c@lofdepth=\count442
\c@subtable=\count443
\c@subtable@save=\count444
\c@lotdepth=\count445
\sf@top=\skip94
\sf@bottom=\skip95
)
(C:\Users\carls\AppData\Local\Programs\MiKTeX\tex/latex/booktabs\booktabs.sty
Package: booktabs 2020/01/12 v1.61803398 Publication quality tables
\heavyrulewidth=\dimen175
\lightrulewidth=\dimen176
\cmidrulewidth=\dimen177
\belowrulesep=\dimen178
\belowbottomsep=\dimen179
\aboverulesep=\dimen180
\abovetopsep=\dimen181
\cmidrulesep=\dimen182
\cmidrulekern=\dimen183
\defaultaddspace=\dimen184
\@cmidla=\count446
\@cmidlb=\count447
\@aboverulesep=\dimen185
\@belowrulesep=\dimen186
\@thisruleclass=\count448
\@lastruleclass=\count449
\@thisrulewidth=\dimen187
)
(C:\Users\carls\AppData\Local\Programs\MiKTeX\tex/latex/koma-script\scrlayer-sc
rpage.sty
Package: scrlayer-scrpage 2022/10/12 v3.38 KOMA-Script package (end user interf
ace for scrlayer)

(C:\Users\carls\AppData\Local\Programs\MiKTeX\tex/latex/koma-script\scrlayer.st
y
Package: scrlayer 2022/10/12 v3.38 KOMA-Script package (defining layers and pag
e styles)
Package scrlayer Info: patching LaTeX kernel macro \pagestyle on input line 217
6.
)
Package scrlayer-scrpage Info: Makeing stand-alone element `pagehead' from
(scrlayer-scrpage)             alias to `pageheadfoot' on input line 1089.
)
1: section
1: chapter
1: chapter
1: section
(C:\Users\carls\AppData\Local\Programs\MiKTeX\tex/latex/appendix\appendix.sty
Package: appendix 2020/02/08 v1.2c extra appendix facilities
\c@@pps=\count450
\c@@ppsavesec=\count451
\c@@ppsaveapp=\count452
)

Package biblatex Warning: 'babel/polyglossia' detected but 'csquotes' missing.
(biblatex)                Loading 'csquotes' recommended.

\@quotelevel=\count453
\@quotereset=\count454
LaTeX Font Info:    Trying to load font information for T1+lmss on input line 9
4.
(C:\Users\carls\AppData\Local\Programs\MiKTeX\tex/latex/lm\t1lmss.fd
File: t1lmss.fd 2015/05/01 v1.6.1 Font defs for Latin Modern
)

LaTeX Warning: Unused global option(s):
    [headings].

(main.aux (kapitel/01_Einführung.aux)
(kapitel/02_Theoretischer Hintergrund.aux) (kapitel/03_Ziel der Arbeit.aux)
(kapitel/04_Methodik.aux

LaTeX Warning: Label `fig:jes' multiply defined.


LaTeX Warning: Label `fig:jes' multiply defined.

) (kapitel/05_Ergebnisse.aux

LaTeX Warning: Label `chart:final-criteria' multiply defined.


LaTeX Warning: Label `chart:final-criteria' multiply defined.


LaTeX Warning: Label `chart:final-criteria' multiply defined.


LaTeX Warning: Label `chart:final-criteria' multiply defined.


LaTeX Warning: Label `chart:final-criteria' multiply defined.


LaTeX Warning: Label `chart:final-criteria' multiply defined.


LaTeX Warning: Label `chart:final-criteria' multiply defined.


LaTeX Warning: Label `chart:final-criteria' multiply defined.


LaTeX Warning: Label `chart:final-criteria' multiply defined.


LaTeX Warning: Label `chart:final-criteria' multiply defined.


LaTeX Warning: Label `chart:final-criteria' multiply defined.


LaTeX Warning: Label `chart:final-criteria' multiply defined.


LaTeX Warning: Label `chart:final-criteria' multiply defined.


LaTeX Warning: Label `chart:final-criteria' multiply defined.


LaTeX Warning: Label `chart:final-criteria' multiply defined.


LaTeX Warning: Label `chart:final-criteria' multiply defined.


LaTeX Warning: Label `chart:final-criteria' multiply defined.


LaTeX Warning: Label `chart:final-criteria' multiply defined.


LaTeX Warning: Label `chart:final-criteria' multiply defined.


LaTeX Warning: Label `chart:final-criteria' multiply defined.


LaTeX Warning: Label `chart:final-criteria' multiply defined.


LaTeX Warning: Label `chart:final-criteria' multiply defined.


LaTeX Warning: Label `chart:final-criteria' multiply defined.


LaTeX Warning: Label `chart:final-criteria' multiply defined.


LaTeX Warning: Label `chart:final-criteria' multiply defined.


LaTeX Warning: Label `chart:final-criteria' multiply defined.


LaTeX Warning: Label `chart:final-criteria' multiply defined.

) (kapitel/06_Vergleich der Browser.aux) (kapitel/07_Diskussion.aux)
(kapitel/08_Fazit.aux) (kapitel/09_Anhang.aux))
\openout1 = `main.aux'.

LaTeX Font Info:    Checking defaults for OML/cmm/m/it on input line 94.
LaTeX Font Info:    ... okay on input line 94.
LaTeX Font Info:    Checking defaults for OMS/cmsy/m/n on input line 94.
LaTeX Font Info:    ... okay on input line 94.
LaTeX Font Info:    Checking defaults for OT1/cmr/m/n on input line 94.
LaTeX Font Info:    ... okay on input line 94.
LaTeX Font Info:    Checking defaults for T1/cmr/m/n on input line 94.
LaTeX Font Info:    ... okay on input line 94.
LaTeX Font Info:    Checking defaults for TS1/cmr/m/n on input line 94.
LaTeX Font Info:    ... okay on input line 94.
LaTeX Font Info:    Checking defaults for OMX/cmex/m/n on input line 94.
LaTeX Font Info:    ... okay on input line 94.
LaTeX Font Info:    Checking defaults for U/cmr/m/n on input line 94.
LaTeX Font Info:    ... okay on input line 94.
LaTeX Info: Redefining \microtypecontext on input line 94.
Package microtype Info: Applying patch `item' on input line 94.
Package microtype Info: Applying patch `toc' on input line 94.
Package microtype Info: Applying patch `eqnum' on input line 94.
Package microtype Info: Applying patch `footnote' on input line 94.
Package microtype Info: Generating PDF output.
Package microtype Info: Character protrusion enabled (level 2).
Package microtype Info: Using default protrusion set `alltext'.
Package microtype Info: Automatic font expansion enabled (level 2),
(microtype)             stretch: 20, shrink: 20, step: 1, non-selected.
Package microtype Info: Using default expansion set `alltext-nott'.
LaTeX Info: Redefining \showhyphens on input line 94.
Package microtype Info: No adjustment of tracking.
Package microtype Info: No adjustment of interword spacing.
Package microtype Info: No adjustment of character kerning.
Package microtype Info: Loading generic protrusion settings for font family
(microtype)             `lmss' (encoding: T1).
(microtype)             For optimal results, create family-specific settings.
(microtype)             See the microtype manual for details.
Package biblatex Info: Trying to load language 'ngerman'...
Package biblatex Info: ... file 'ngerman.lbx' found.

(C:\Users\carls\AppData\Local\Programs\MiKTeX\tex/latex/biblatex/lbx\ngerman.lb
x
File: ngerman.lbx 2022/07/12 v3.18b biblatex localization (PK/MW)
Package biblatex Info: Trying to load language 'german'...
Package biblatex Info: ... file 'german.lbx' found.

(C:\Users\carls\AppData\Local\Programs\MiKTeX\tex/latex/biblatex/lbx\german.lbx
File: german.lbx 2022/07/12 v3.18b biblatex localization (PK/MW)
)
Package biblatex Info: Trying to load language 'german'...
Package biblatex Info: ... file 'german.lbx' found.

(C:\Users\carls\AppData\Local\Programs\MiKTeX\tex/latex/biblatex/lbx\german.lbx
File: german.lbx 2022/07/12 v3.18b biblatex localization (PK/MW)
))
Package biblatex Info: Input encoding 'utf8' detected.
Package biblatex Info: Automatic encoding selection.
(biblatex)             Assuming data encoding 'utf8'.
\openout3 = `main.bcf'.

Package biblatex Info: Trying to load bibliographic data...
Package biblatex Info: ... file 'main.bbl' found.
 (main.bbl

Package biblatex Warning: The following entry could not be found
(biblatex)                in the database:
(biblatex)                Hariharan
(biblatex)                Please verify the spelling and rerun
(biblatex)                LaTeX afterwards.

)
Package biblatex Info: Reference section=0 on input line 94.
Package biblatex Info: Reference segment=0 on input line 94.

(C:\Users\carls\AppData\Local\Programs\MiKTeX\tex/context/base/mkii\supp-pdf.mk
ii
[Loading MPS to PDF converter (version 2006.09.02).]
\scratchcounter=\count455
\scratchdimen=\dimen188
\scratchbox=\box59
\nofMPsegments=\count456
\nofMParguments=\count457
\everyMPshowfont=\toks32
\MPscratchCnt=\count458
\MPscratchDim=\dimen189
\MPnumerator=\count459
\makeMPintoPDFobject=\count460
\everyMPtoPDFconversion=\toks33
)
(C:\Users\carls\AppData\Local\Programs\MiKTeX\tex/latex/epstopdf-pkg\epstopdf-b
ase.sty
Package: epstopdf-base 2020-01-24 v2.11 Base part for package epstopdf

(C:\Users\carls\AppData\Local\Programs\MiKTeX\tex/latex/grfext\grfext.sty
Package: grfext 2019/12/03 v1.3 Manage graphics extensions (HO)

(C:\Users\carls\AppData\Local\Programs\MiKTeX\tex/generic/kvdefinekeys\kvdefine
keys.sty
Package: kvdefinekeys 2019-12-19 v1.6 Define keys (HO)
))
Package epstopdf-base Info: Redefining graphics rule for `.eps' on input line 4
85.
Package grfext Info: Graphics extension search list:
(grfext)             [.pdf,.png,.jpg,.mps,.jpeg,.jbig2,.jb2,.PDF,.PNG,.JPG,.JPE
G,.JBIG2,.JB2,.eps]
(grfext)             \AppendGraphicsExtensions on input line 504.

(C:\Users\carls\AppData\Local\Programs\MiKTeX\tex/latex/00miktex\epstopdf-sys.c
fg
File: epstopdf-sys.cfg 2021/03/18 v2.0 Configuration of epstopdf for MiKTeX
))
Package caption Info: Begin \AtBeginDocument code.
Package caption Info: subfig package v1.3 is loaded.
Package caption Info: End \AtBeginDocument code.
<bilder//thi_logo.pdf, id=4, 165.87971pt x 73.25368pt>
File: bilder//thi_logo.pdf Graphic file (type pdf)
<use bilder//thi_logo.pdf>
Package pdftex.def Info: bilder//thi_logo.pdf  used on input line 98.
(pdftex.def)             Requested size: 137.88785pt x 60.8933pt.
LaTeX Font Info:    Trying to load font information for OT1+lmss on input line 
98.
 (C:\Users\carls\AppData\Local\Programs\MiKTeX\tex/latex/lm\ot1lmss.fd
File: ot1lmss.fd 2015/05/01 v1.6.1 Font defs for Latin Modern
)
Package microtype Info: Loading generic protrusion settings for font family
(microtype)             `lmss' (encoding: OT1).
(microtype)             For optimal results, create family-specific settings.
(microtype)             See the microtype manual for details.
LaTeX Font Info:    Trying to load font information for U+msa on input line 98.


(C:\Users\carls\AppData\Local\Programs\MiKTeX\tex/latex/amsfonts\umsa.fd
File: umsa.fd 2013/01/14 v3.01 AMS symbols A
)
(C:\Users\carls\AppData\Local\Programs\MiKTeX\tex/latex/microtype\mt-msa.cfg
File: mt-msa.cfg 2006/02/04 v1.1 microtype config. file: AMS symbols (a) (RS)
)
LaTeX Font Info:    Trying to load font information for U+msb on input line 98.


(C:\Users\carls\AppData\Local\Programs\MiKTeX\tex/latex/amsfonts\umsb.fd
File: umsb.fd 2013/01/14 v3.01 AMS symbols B
)
(C:\Users\carls\AppData\Local\Programs\MiKTeX\tex/latex/microtype\mt-msb.cfg
File: mt-msb.cfg 2005/06/01 v1.0 microtype config. file: AMS symbols (b) (RS)
)
[1


{C:/Users/carls/AppData/Local/MiKTeX/fonts/map/pdftex/pdftex.map} <./bilder//th
i_logo.pdf>]
Package tocbasic Info: character protrusion at toc deactivated on input line 10
3.
 (main.toc)
\tf@toc=\write5
\openout5 = `main.toc'.

 [1

]
\openout2 = `kapitel/01_Einführung.aux'.

 (kapitel/01_Einführung.tex
chapter 1.
LaTeX Font Info:    Trying to load font information for TS1+lmss on input line 
4.
(C:\Users\carls\AppData\Local\Programs\MiKTeX\tex/latex/lm\ts1lmss.fd
File: ts1lmss.fd 2015/05/01 v1.6.1 Font defs for Latin Modern
)
Package microtype Info: Loading generic protrusion settings for font family
(microtype)             `lmss' (encoding: TS1).
(microtype)             For optimal results, create family-specific settings.
(microtype)             See the microtype manual for details.
 [1




]
[2]) [3]
\openout2 = `"kapitel/02_Theoretischer Hintergrund.aux"'.

 (kapitel/02_Theoretischer Hintergrund.tex
chapter 2.
[4




] [5] [6] [7] [8]
Overfull \hbox (13.69048pt too wide) in paragraph at lines 245--248
[]\T1/lmss/m/n/10.95 (-20) Definition pri-va-te Brow-sing Ar-te-fakt: =========
============================
 []

[9] [10] [11]) [12]
\openout2 = `"kapitel/03_Ziel der Arbeit.aux"'.

 (kapitel/03_Ziel der Arbeit.tex
chapter 3.
[13




] [14]) [15]
\openout2 = `kapitel/04_Methodik.aux'.

 (kapitel/04_Methodik.tex
chapter 4.
[16




]

LaTeX Warning: Citation 'Hariharan' on page 17 undefined on input line 64.

[17] [18] (bilder/process_monitor_to_excel-Latex.pdf_tex
<bilder//process_monitor_to_excel-Latex.pdf, id=78, page=1, 798.9303pt x 286.93
419pt>
File: bilder//process_monitor_to_excel-Latex.pdf Graphic file (type pdf)
<use bilder//process_monitor_to_excel-Latex.pdf, page 1>
Package pdftex.def Info: bilder//process_monitor_to_excel-Latex.pdf , page1 use
d on input line 56.
(pdftex.def)             Requested size: 798.93025pt x 286.95099pt.
<bilder//process_monitor_to_excel-Latex.pdf, id=79, page=2, 798.9303pt x 286.93
419pt>
File: bilder//process_monitor_to_excel-Latex.pdf Graphic file (type pdf)
<use bilder//process_monitor_to_excel-Latex.pdf, page 2>
Package pdftex.def Info: bilder//process_monitor_to_excel-Latex.pdf , page2 use
d on input line 58.
(pdftex.def)             Requested size: 798.93025pt x 286.95099pt.
<bilder//process_monitor_to_excel-Latex.pdf, id=80, page=3, 798.9303pt x 286.93
419pt>
File: bilder//process_monitor_to_excel-Latex.pdf Graphic file (type pdf)
<use bilder//process_monitor_to_excel-Latex.pdf, page 3>
Package pdftex.def Info: bilder//process_monitor_to_excel-Latex.pdf , page3 use
d on input line 60.
(pdftex.def)             Requested size: 798.93025pt x 286.95099pt.
<bilder//process_monitor_to_excel-Latex.pdf, id=81, page=4, 798.9303pt x 286.93
419pt>
File: bilder//process_monitor_to_excel-Latex.pdf Graphic file (type pdf)
<use bilder//process_monitor_to_excel-Latex.pdf, page 4>
Package pdftex.def Info: bilder//process_monitor_to_excel-Latex.pdf , page4 use
d on input line 63.
(pdftex.def)             Requested size: 798.93025pt x 286.95099pt.
<bilder//process_monitor_to_excel-Latex.pdf, id=82, page=5, 798.9303pt x 286.93
419pt>
File: bilder//process_monitor_to_excel-Latex.pdf Graphic file (type pdf)
<use bilder//process_monitor_to_excel-Latex.pdf, page 5>
Package pdftex.def Info: bilder//process_monitor_to_excel-Latex.pdf , page5 use
d on input line 65.
(pdftex.def)             Requested size: 798.93025pt x 286.95099pt.
<bilder//process_monitor_to_excel-Latex.pdf, id=83, page=6, 798.9303pt x 286.93
419pt>
File: bilder//process_monitor_to_excel-Latex.pdf Graphic file (type pdf)
<use bilder//process_monitor_to_excel-Latex.pdf, page 6>
Package pdftex.def Info: bilder//process_monitor_to_excel-Latex.pdf , page6 use
d on input line 67.
(pdftex.def)             Requested size: 798.93025pt x 286.95099pt.
<bilder//process_monitor_to_excel-Latex.pdf, id=84, page=7, 798.9303pt x 286.93
419pt>
File: bilder//process_monitor_to_excel-Latex.pdf Graphic file (type pdf)
<use bilder//process_monitor_to_excel-Latex.pdf, page 7>
Package pdftex.def Info: bilder//process_monitor_to_excel-Latex.pdf , page7 use
d on input line 71.
(pdftex.def)             Requested size: 798.93025pt x 286.95099pt.
<bilder//process_monitor_to_excel-Latex.pdf, id=85, page=8, 798.9303pt x 286.93
419pt>
File: bilder//process_monitor_to_excel-Latex.pdf Graphic file (type pdf)
<use bilder//process_monitor_to_excel-Latex.pdf, page 8>
Package pdftex.def Info: bilder//process_monitor_to_excel-Latex.pdf , page8 use
d on input line 74.
(pdftex.def)             Requested size: 798.93025pt x 286.95099pt.
<bilder//process_monitor_to_excel-Latex.pdf, id=86, page=9, 798.9303pt x 286.93
419pt>
File: bilder//process_monitor_to_excel-Latex.pdf Graphic file (type pdf)
<use bilder//process_monitor_to_excel-Latex.pdf, page 9>
Package pdftex.def Info: bilder//process_monitor_to_excel-Latex.pdf , page9 use
d on input line 76.
(pdftex.def)             Requested size: 798.93025pt x 286.95099pt.
<bilder//process_monitor_to_excel-Latex.pdf, id=87, page=10, 798.9303pt x 286.9
3419pt>
File: bilder//process_monitor_to_excel-Latex.pdf Graphic file (type pdf)
<use bilder//process_monitor_to_excel-Latex.pdf, page 10>
Package pdftex.def Info: bilder//process_monitor_to_excel-Latex.pdf , page10 us
ed on input line 78.
(pdftex.def)             Requested size: 798.93025pt x 286.95099pt.
<bilder//process_monitor_to_excel-Latex.pdf, id=88, page=11, 798.9303pt x 286.9
3419pt>
File: bilder//process_monitor_to_excel-Latex.pdf Graphic file (type pdf)
<use bilder//process_monitor_to_excel-Latex.pdf, page 11>
Package pdftex.def Info: bilder//process_monitor_to_excel-Latex.pdf , page11 us
ed on input line 81.
(pdftex.def)             Requested size: 798.93025pt x 286.95099pt.
<bilder//process_monitor_to_excel-Latex.pdf, id=89, page=12, 798.9303pt x 286.9
3419pt>
File: bilder//process_monitor_to_excel-Latex.pdf Graphic file (type pdf)
<use bilder//process_monitor_to_excel-Latex.pdf, page 12>
Package pdftex.def Info: bilder//process_monitor_to_excel-Latex.pdf , page12 us
ed on input line 83.
(pdftex.def)             Requested size: 798.93025pt x 286.95099pt.
<bilder//process_monitor_to_excel-Latex.pdf, id=90, page=13, 798.9303pt x 286.9
3419pt>
File: bilder//process_monitor_to_excel-Latex.pdf Graphic file (type pdf)
<use bilder//process_monitor_to_excel-Latex.pdf, page 13>
Package pdftex.def Info: bilder//process_monitor_to_excel-Latex.pdf , page13 us
ed on input line 85.
(pdftex.def)             Requested size: 798.93025pt x 286.95099pt.
<bilder//process_monitor_to_excel-Latex.pdf, id=91, page=14, 798.9303pt x 286.9
3419pt>
File: bilder//process_monitor_to_excel-Latex.pdf Graphic file (type pdf)
<use bilder//process_monitor_to_excel-Latex.pdf, page 14>
Package pdftex.def Info: bilder//process_monitor_to_excel-Latex.pdf , page14 us
ed on input line 87.
(pdftex.def)             Requested size: 798.93025pt x 286.95099pt.
<bilder//process_monitor_to_excel-Latex.pdf, id=92, page=15, 798.9303pt x 286.9
3419pt>
File: bilder//process_monitor_to_excel-Latex.pdf Graphic file (type pdf)
<use bilder//process_monitor_to_excel-Latex.pdf, page 15>
Package pdftex.def Info: bilder//process_monitor_to_excel-Latex.pdf , page15 us
ed on input line 90.
(pdftex.def)             Requested size: 798.93025pt x 286.95099pt.
<bilder//process_monitor_to_excel-Latex.pdf, id=93, page=16, 798.9303pt x 286.9
3419pt>
File: bilder//process_monitor_to_excel-Latex.pdf Graphic file (type pdf)
<use bilder//process_monitor_to_excel-Latex.pdf, page 16>
Package pdftex.def Info: bilder//process_monitor_to_excel-Latex.pdf , page16 us
ed on input line 94.
(pdftex.def)             Requested size: 798.93025pt x 286.95099pt.
<bilder//process_monitor_to_excel-Latex.pdf, id=94, page=17, 798.9303pt x 286.9
3419pt>
File: bilder//process_monitor_to_excel-Latex.pdf Graphic file (type pdf)
<use bilder//process_monitor_to_excel-Latex.pdf, page 17>
Package pdftex.def Info: bilder//process_monitor_to_excel-Latex.pdf , page17 us
ed on input line 97.
(pdftex.def)             Requested size: 798.93025pt x 286.95099pt.
<bilder//process_monitor_to_excel-Latex.pdf, id=95, page=18, 798.9303pt x 286.9
3419pt>
File: bilder//process_monitor_to_excel-Latex.pdf Graphic file (type pdf)
<use bilder//process_monitor_to_excel-Latex.pdf, page 18>
Package pdftex.def Info: bilder//process_monitor_to_excel-Latex.pdf , page18 us
ed on input line 100.
(pdftex.def)             Requested size: 798.93025pt x 286.95099pt.
<bilder//process_monitor_to_excel-Latex.pdf, id=96, page=19, 798.9303pt x 286.9
3419pt>
File: bilder//process_monitor_to_excel-Latex.pdf Graphic file (type pdf)
<use bilder//process_monitor_to_excel-Latex.pdf, page 19>
Package pdftex.def Info: bilder//process_monitor_to_excel-Latex.pdf , page19 us
ed on input line 103.
(pdftex.def)             Requested size: 798.93025pt x 286.95099pt.
<bilder//process_monitor_to_excel-Latex.pdf, id=97, page=20, 798.9303pt x 286.9
3419pt>
File: bilder//process_monitor_to_excel-Latex.pdf Graphic file (type pdf)
<use bilder//process_monitor_to_excel-Latex.pdf, page 20>
Package pdftex.def Info: bilder//process_monitor_to_excel-Latex.pdf , page20 us
ed on input line 107.
(pdftex.def)             Requested size: 798.93025pt x 286.95099pt.
<bilder//process_monitor_to_excel-Latex.pdf, id=98, page=21, 798.9303pt x 286.9
3419pt>
File: bilder//process_monitor_to_excel-Latex.pdf Graphic file (type pdf)
<use bilder//process_monitor_to_excel-Latex.pdf, page 21>
Package pdftex.def Info: bilder//process_monitor_to_excel-Latex.pdf , page21 us
ed on input line 111.
(pdftex.def)             Requested size: 798.93025pt x 286.95099pt.
)
(bilder/sqlite_file_diffs-Latex.pdf_tex
<bilder//sqlite_file_diffs-Latex.pdf, id=99, page=1, 563.17224pt x 286.8669pt>
File: bilder//sqlite_file_diffs-Latex.pdf Graphic file (type pdf)
<use bilder//sqlite_file_diffs-Latex.pdf, page 1>
Package pdftex.def Info: bilder//sqlite_file_diffs-Latex.pdf , page1 used on in
put line 56.
(pdftex.def)             Requested size: 563.17221pt x 286.88806pt.
<bilder//sqlite_file_diffs-Latex.pdf, id=100, page=2, 563.17224pt x 286.8669pt>

File: bilder//sqlite_file_diffs-Latex.pdf Graphic file (type pdf)
<use bilder//sqlite_file_diffs-Latex.pdf, page 2>
Package pdftex.def Info: bilder//sqlite_file_diffs-Latex.pdf , page2 used on in
put line 58.
(pdftex.def)             Requested size: 563.17221pt x 286.88806pt.
<bilder//sqlite_file_diffs-Latex.pdf, id=101, page=3, 563.17224pt x 286.8669pt>

File: bilder//sqlite_file_diffs-Latex.pdf Graphic file (type pdf)
<use bilder//sqlite_file_diffs-Latex.pdf, page 3>
Package pdftex.def Info: bilder//sqlite_file_diffs-Latex.pdf , page3 used on in
put line 60.
(pdftex.def)             Requested size: 563.17221pt x 286.88806pt.
<bilder//sqlite_file_diffs-Latex.pdf, id=102, page=4, 563.17224pt x 286.8669pt>

File: bilder//sqlite_file_diffs-Latex.pdf Graphic file (type pdf)
<use bilder//sqlite_file_diffs-Latex.pdf, page 4>
Package pdftex.def Info: bilder//sqlite_file_diffs-Latex.pdf , page4 used on in
put line 63.
(pdftex.def)             Requested size: 563.17221pt x 286.88806pt.
<bilder//sqlite_file_diffs-Latex.pdf, id=103, page=5, 563.17224pt x 286.8669pt>

File: bilder//sqlite_file_diffs-Latex.pdf Graphic file (type pdf)
<use bilder//sqlite_file_diffs-Latex.pdf, page 5>
Package pdftex.def Info: bilder//sqlite_file_diffs-Latex.pdf , page5 used on in
put line 65.
(pdftex.def)             Requested size: 563.17221pt x 286.88806pt.
<bilder//sqlite_file_diffs-Latex.pdf, id=104, page=6, 563.17224pt x 286.8669pt>

File: bilder//sqlite_file_diffs-Latex.pdf Graphic file (type pdf)
<use bilder//sqlite_file_diffs-Latex.pdf, page 6>
Package pdftex.def Info: bilder//sqlite_file_diffs-Latex.pdf , page6 used on in
put line 67.
(pdftex.def)             Requested size: 563.17221pt x 286.88806pt.
<bilder//sqlite_file_diffs-Latex.pdf, id=105, page=7, 563.17224pt x 286.8669pt>

File: bilder//sqlite_file_diffs-Latex.pdf Graphic file (type pdf)
<use bilder//sqlite_file_diffs-Latex.pdf, page 7>
Package pdftex.def Info: bilder//sqlite_file_diffs-Latex.pdf , page7 used on in
put line 71.
(pdftex.def)             Requested size: 563.17221pt x 286.88806pt.
<bilder//sqlite_file_diffs-Latex.pdf, id=106, page=8, 563.17224pt x 286.8669pt>

File: bilder//sqlite_file_diffs-Latex.pdf Graphic file (type pdf)
<use bilder//sqlite_file_diffs-Latex.pdf, page 8>
Package pdftex.def Info: bilder//sqlite_file_diffs-Latex.pdf , page8 used on in
put line 75.
(pdftex.def)             Requested size: 563.17221pt x 286.88806pt.
<bilder//sqlite_file_diffs-Latex.pdf, id=107, page=9, 563.17224pt x 286.8669pt>

File: bilder//sqlite_file_diffs-Latex.pdf Graphic file (type pdf)
<use bilder//sqlite_file_diffs-Latex.pdf, page 9>
Package pdftex.def Info: bilder//sqlite_file_diffs-Latex.pdf , page9 used on in
put line 78.
(pdftex.def)             Requested size: 563.17221pt x 286.88806pt.
<bilder//sqlite_file_diffs-Latex.pdf, id=108, page=10, 563.17224pt x 286.8669pt
>
File: bilder//sqlite_file_diffs-Latex.pdf Graphic file (type pdf)
<use bilder//sqlite_file_diffs-Latex.pdf, page 10>
Package pdftex.def Info: bilder//sqlite_file_diffs-Latex.pdf , page10 used on i
nput line 81.
(pdftex.def)             Requested size: 563.17221pt x 286.88806pt.
<bilder//sqlite_file_diffs-Latex.pdf, id=109, page=11, 563.17224pt x 286.8669pt
>
File: bilder//sqlite_file_diffs-Latex.pdf Graphic file (type pdf)
<use bilder//sqlite_file_diffs-Latex.pdf, page 11>
Package pdftex.def Info: bilder//sqlite_file_diffs-Latex.pdf , page11 used on i
nput line 85.
(pdftex.def)             Requested size: 563.17221pt x 286.88806pt.
<bilder//sqlite_file_diffs-Latex.pdf, id=110, page=12, 563.17224pt x 286.8669pt
>
File: bilder//sqlite_file_diffs-Latex.pdf Graphic file (type pdf)
<use bilder//sqlite_file_diffs-Latex.pdf, page 12>
Package pdftex.def Info: bilder//sqlite_file_diffs-Latex.pdf , page12 used on i
nput line 89.
(pdftex.def)             Requested size: 563.17221pt x 286.88806pt.
<bilder//sqlite_file_diffs-Latex.pdf, id=111, page=13, 563.17224pt x 286.8669pt
>
File: bilder//sqlite_file_diffs-Latex.pdf Graphic file (type pdf)
<use bilder//sqlite_file_diffs-Latex.pdf, page 13>
Package pdftex.def Info: bilder//sqlite_file_diffs-Latex.pdf , page13 used on i
nput line 91.
(pdftex.def)             Requested size: 563.17221pt x 286.88806pt.
<bilder//sqlite_file_diffs-Latex.pdf, id=112, page=14, 563.17224pt x 286.8669pt
>
File: bilder//sqlite_file_diffs-Latex.pdf Graphic file (type pdf)
<use bilder//sqlite_file_diffs-Latex.pdf, page 14>
Package pdftex.def Info: bilder//sqlite_file_diffs-Latex.pdf , page14 used on i
nput line 94.
(pdftex.def)             Requested size: 563.17221pt x 286.88806pt.
)

LaTeX Warning: `!h' float specifier changed to `!ht'.

[19 <./bilder//process_monitor_to_excel-Latex.pdf> <./bilder//process_monitor_t
o_excel-Latex.pdf

pdfTeX warning: pdflatex (file ./bilder//process_monitor_to_excel-Latex.pdf): P
DF inclusion: multiple pdfs with page group included in a single page
> <./bilder//process_monitor_to_excel-Latex.pdf

pdfTeX warning: pdflatex (file ./bilder//process_monitor_to_excel-Latex.pdf): P
DF inclusion: multiple pdfs with page group included in a single page
> <./bilder//process_monitor_to_excel-Latex.pdf

pdfTeX warning: pdflatex (file ./bilder//process_monitor_to_excel-Latex.pdf): P
DF inclusion: multiple pdfs with page group included in a single page
> <./bilder//process_monitor_to_excel-Latex.pdf

pdfTeX warning: pdflatex (file ./bilder//process_monitor_to_excel-Latex.pdf): P
DF inclusion: multiple pdfs with page group included in a single page
> <./bilder//process_monitor_to_excel-Latex.pdf

pdfTeX warning: pdflatex (file ./bilder//process_monitor_to_excel-Latex.pdf): P
DF inclusion: multiple pdfs with page group included in a single page
> <./bilder//process_monitor_to_excel-Latex.pdf

pdfTeX warning: pdflatex (file ./bilder//process_monitor_to_excel-Latex.pdf): P
DF inclusion: multiple pdfs with page group included in a single page
> <./bilder//process_monitor_to_excel-Latex.pdf

pdfTeX warning: pdflatex (file ./bilder//process_monitor_to_excel-Latex.pdf): P
DF inclusion: multiple pdfs with page group included in a single page
> <./bilder//process_monitor_to_excel-Latex.pdf

pdfTeX warning: pdflatex (file ./bilder//process_monitor_to_excel-Latex.pdf): P
DF inclusion: multiple pdfs with page group included in a single page
> <./bilder//process_monitor_to_excel-Latex.pdf

pdfTeX warning: pdflatex (file ./bilder//process_monitor_to_excel-Latex.pdf): P
DF inclusion: multiple pdfs with page group included in a single page
> <./bilder//process_monitor_to_excel-Latex.pdf

pdfTeX warning: pdflatex (file ./bilder//process_monitor_to_excel-Latex.pdf): P
DF inclusion: multiple pdfs with page group included in a single page
> <./bilder//process_monitor_to_excel-Latex.pdf

pdfTeX warning: pdflatex (file ./bilder//process_monitor_to_excel-Latex.pdf): P
DF inclusion: multiple pdfs with page group included in a single page
> <./bilder//process_monitor_to_excel-Latex.pdf

pdfTeX warning: pdflatex (file ./bilder//process_monitor_to_excel-Latex.pdf): P
DF inclusion: multiple pdfs with page group included in a single page
> <./bilder//process_monitor_to_excel-Latex.pdf

pdfTeX warning: pdflatex (file ./bilder//process_monitor_to_excel-Latex.pdf): P
DF inclusion: multiple pdfs with page group included in a single page
> <./bilder//process_monitor_to_excel-Latex.pdf

pdfTeX warning: pdflatex (file ./bilder//process_monitor_to_excel-Latex.pdf): P
DF inclusion: multiple pdfs with page group included in a single page
> <./bilder//process_monitor_to_excel-Latex.pdf

pdfTeX warning: pdflatex (file ./bilder//process_monitor_to_excel-Latex.pdf): P
DF inclusion: multiple pdfs with page group included in a single page
> <./bilder//process_monitor_to_excel-Latex.pdf

pdfTeX warning: pdflatex (file ./bilder//process_monitor_to_excel-Latex.pdf): P
DF inclusion: multiple pdfs with page group included in a single page
> <./bilder//process_monitor_to_excel-Latex.pdf

pdfTeX warning: pdflatex (file ./bilder//process_monitor_to_excel-Latex.pdf): P
DF inclusion: multiple pdfs with page group included in a single page
> <./bilder//process_monitor_to_excel-Latex.pdf

pdfTeX warning: pdflatex (file ./bilder//process_monitor_to_excel-Latex.pdf): P
DF inclusion: multiple pdfs with page group included in a single page
> <./bilder//process_monitor_to_excel-Latex.pdf

pdfTeX warning: pdflatex (file ./bilder//process_monitor_to_excel-Latex.pdf): P
DF inclusion: multiple pdfs with page group included in a single page
> <./bilder//process_monitor_to_excel-Latex.pdf

pdfTeX warning: pdflatex (file ./bilder//process_monitor_to_excel-Latex.pdf): P
DF inclusion: multiple pdfs with page group included in a single page
>] [20 <./bilder//sqlite_file_diffs-Latex.pdf> <./bilder//sqlite_file_diffs-Lat
ex.pdf

pdfTeX warning: pdflatex (file ./bilder//sqlite_file_diffs-Latex.pdf): PDF incl
usion: multiple pdfs with page group included in a single page
> <./bilder//sqlite_file_diffs-Latex.pdf

pdfTeX warning: pdflatex (file ./bilder//sqlite_file_diffs-Latex.pdf): PDF incl
usion: multiple pdfs with page group included in a single page
> <./bilder//sqlite_file_diffs-Latex.pdf

pdfTeX warning: pdflatex (file ./bilder//sqlite_file_diffs-Latex.pdf): PDF incl
usion: multiple pdfs with page group included in a single page
> <./bilder//sqlite_file_diffs-Latex.pdf

pdfTeX warning: pdflatex (file ./bilder//sqlite_file_diffs-Latex.pdf): PDF incl
usion: multiple pdfs with page group included in a single page
> <./bilder//sqlite_file_diffs-Latex.pdf

pdfTeX warning: pdflatex (file ./bilder//sqlite_file_diffs-Latex.pdf): PDF incl
usion: multiple pdfs with page group included in a single page
> <./bilder//sqlite_file_diffs-Latex.pdf

pdfTeX warning: pdflatex (file ./bilder//sqlite_file_diffs-Latex.pdf): PDF incl
usion: multiple pdfs with page group included in a single page
> <./bilder//sqlite_file_diffs-Latex.pdf

pdfTeX warning: pdflatex (file ./bilder//sqlite_file_diffs-Latex.pdf): PDF incl
usion: multiple pdfs with page group included in a single page
> <./bilder//sqlite_file_diffs-Latex.pdf

pdfTeX warning: pdflatex (file ./bilder//sqlite_file_diffs-Latex.pdf): PDF incl
usion: multiple pdfs with page group included in a single page
> <./bilder//sqlite_file_diffs-Latex.pdf

pdfTeX warning: pdflatex (file ./bilder//sqlite_file_diffs-Latex.pdf): PDF incl
usion: multiple pdfs with page group included in a single page
> <./bilder//sqlite_file_diffs-Latex.pdf

pdfTeX warning: pdflatex (file ./bilder//sqlite_file_diffs-Latex.pdf): PDF incl
usion: multiple pdfs with page group included in a single page
> <./bilder//sqlite_file_diffs-Latex.pdf

pdfTeX warning: pdflatex (file ./bilder//sqlite_file_diffs-Latex.pdf): PDF incl
usion: multiple pdfs with page group included in a single page
> <./bilder//sqlite_file_diffs-Latex.pdf

pdfTeX warning: pdflatex (file ./bilder//sqlite_file_diffs-Latex.pdf): PDF incl
usion: multiple pdfs with page group included in a single page
> <./bilder//sqlite_file_diffs-Latex.pdf

pdfTeX warning: pdflatex (file ./bilder//sqlite_file_diffs-Latex.pdf): PDF incl
usion: multiple pdfs with page group included in a single page
>] (bilder/yarascan_plugin_tree-Latex.pdf_tex
<bilder//yarascan_plugin_tree-Latex.pdf, id=234, page=1, 654.44495pt x 601.8298
5pt>
File: bilder//yarascan_plugin_tree-Latex.pdf Graphic file (type pdf)
<use bilder//yarascan_plugin_tree-Latex.pdf, page 1>
Package pdftex.def Info: bilder//yarascan_plugin_tree-Latex.pdf , page1 used on
 input line 56.
(pdftex.def)             Requested size: 654.44493pt x 601.82837pt.
<bilder//yarascan_plugin_tree-Latex.pdf, id=235, page=2, 654.44495pt x 601.8298
5pt>
File: bilder//yarascan_plugin_tree-Latex.pdf Graphic file (type pdf)
<use bilder//yarascan_plugin_tree-Latex.pdf, page 2>
Package pdftex.def Info: bilder//yarascan_plugin_tree-Latex.pdf , page2 used on
 input line 58.
(pdftex.def)             Requested size: 654.44493pt x 601.82837pt.
<bilder//yarascan_plugin_tree-Latex.pdf, id=236, page=3, 654.44495pt x 601.8298
5pt>
File: bilder//yarascan_plugin_tree-Latex.pdf Graphic file (type pdf)
<use bilder//yarascan_plugin_tree-Latex.pdf, page 3>
Package pdftex.def Info: bilder//yarascan_plugin_tree-Latex.pdf , page3 used on
 input line 60.
(pdftex.def)             Requested size: 654.44493pt x 601.82837pt.
<bilder//yarascan_plugin_tree-Latex.pdf, id=237, page=4, 654.44495pt x 601.8298
5pt>
File: bilder//yarascan_plugin_tree-Latex.pdf Graphic file (type pdf)
<use bilder//yarascan_plugin_tree-Latex.pdf, page 4>
Package pdftex.def Info: bilder//yarascan_plugin_tree-Latex.pdf , page4 used on
 input line 62.
(pdftex.def)             Requested size: 654.44493pt x 601.82837pt.
<bilder//yarascan_plugin_tree-Latex.pdf, id=238, page=5, 654.44495pt x 601.8298
5pt>
File: bilder//yarascan_plugin_tree-Latex.pdf Graphic file (type pdf)
<use bilder//yarascan_plugin_tree-Latex.pdf, page 5>
Package pdftex.def Info: bilder//yarascan_plugin_tree-Latex.pdf , page5 used on
 input line 64.
(pdftex.def)             Requested size: 654.44493pt x 601.82837pt.
<bilder//yarascan_plugin_tree-Latex.pdf, id=239, page=6, 654.44495pt x 601.8298
5pt>
File: bilder//yarascan_plugin_tree-Latex.pdf Graphic file (type pdf)
<use bilder//yarascan_plugin_tree-Latex.pdf, page 6>
Package pdftex.def Info: bilder//yarascan_plugin_tree-Latex.pdf , page6 used on
 input line 66.
(pdftex.def)             Requested size: 654.44493pt x 601.82837pt.
<bilder//yarascan_plugin_tree-Latex.pdf, id=240, page=7, 654.44495pt x 601.8298
5pt>
File: bilder//yarascan_plugin_tree-Latex.pdf Graphic file (type pdf)
<use bilder//yarascan_plugin_tree-Latex.pdf, page 7>
Package pdftex.def Info: bilder//yarascan_plugin_tree-Latex.pdf , page7 used on
 input line 68.
(pdftex.def)             Requested size: 654.44493pt x 601.82837pt.
<bilder//yarascan_plugin_tree-Latex.pdf, id=241, page=8, 654.44495pt x 601.8298
5pt>
File: bilder//yarascan_plugin_tree-Latex.pdf Graphic file (type pdf)
<use bilder//yarascan_plugin_tree-Latex.pdf, page 8>
Package pdftex.def Info: bilder//yarascan_plugin_tree-Latex.pdf , page8 used on
 input line 70.
(pdftex.def)             Requested size: 654.44493pt x 601.82837pt.
<bilder//yarascan_plugin_tree-Latex.pdf, id=242, page=9, 654.44495pt x 601.8298
5pt>
File: bilder//yarascan_plugin_tree-Latex.pdf Graphic file (type pdf)
<use bilder//yarascan_plugin_tree-Latex.pdf, page 9>
Package pdftex.def Info: bilder//yarascan_plugin_tree-Latex.pdf , page9 used on
 input line 72.
(pdftex.def)             Requested size: 654.44493pt x 601.82837pt.
<bilder//yarascan_plugin_tree-Latex.pdf, id=243, page=10, 654.44495pt x 601.829
85pt>
File: bilder//yarascan_plugin_tree-Latex.pdf Graphic file (type pdf)
<use bilder//yarascan_plugin_tree-Latex.pdf, page 10>
Package pdftex.def Info: bilder//yarascan_plugin_tree-Latex.pdf , page10 used o
n input line 74.
(pdftex.def)             Requested size: 654.44493pt x 601.82837pt.
<bilder//yarascan_plugin_tree-Latex.pdf, id=244, page=11, 654.44495pt x 601.829
85pt>
File: bilder//yarascan_plugin_tree-Latex.pdf Graphic file (type pdf)
<use bilder//yarascan_plugin_tree-Latex.pdf, page 11>
Package pdftex.def Info: bilder//yarascan_plugin_tree-Latex.pdf , page11 used o
n input line 79.
(pdftex.def)             Requested size: 654.44493pt x 601.82837pt.
<bilder//yarascan_plugin_tree-Latex.pdf, id=245, page=12, 654.44495pt x 601.829
85pt>
File: bilder//yarascan_plugin_tree-Latex.pdf Graphic file (type pdf)
<use bilder//yarascan_plugin_tree-Latex.pdf, page 12>
Package pdftex.def Info: bilder//yarascan_plugin_tree-Latex.pdf , page12 used o
n input line 81.
(pdftex.def)             Requested size: 654.44493pt x 601.82837pt.
<bilder//yarascan_plugin_tree-Latex.pdf, id=246, page=13, 654.44495pt x 601.829
85pt>
File: bilder//yarascan_plugin_tree-Latex.pdf Graphic file (type pdf)
<use bilder//yarascan_plugin_tree-Latex.pdf, page 13>
Package pdftex.def Info: bilder//yarascan_plugin_tree-Latex.pdf , page13 used o
n input line 84.
(pdftex.def)             Requested size: 654.44493pt x 601.82837pt.
<bilder//yarascan_plugin_tree-Latex.pdf, id=247, page=14, 654.44495pt x 601.829
85pt>
File: bilder//yarascan_plugin_tree-Latex.pdf Graphic file (type pdf)
<use bilder//yarascan_plugin_tree-Latex.pdf, page 14>
Package pdftex.def Info: bilder//yarascan_plugin_tree-Latex.pdf , page14 used o
n input line 86.
(pdftex.def)             Requested size: 654.44493pt x 601.82837pt.
<bilder//yarascan_plugin_tree-Latex.pdf, id=248, page=15, 654.44495pt x 601.829
85pt>
File: bilder//yarascan_plugin_tree-Latex.pdf Graphic file (type pdf)
<use bilder//yarascan_plugin_tree-Latex.pdf, page 15>
Package pdftex.def Info: bilder//yarascan_plugin_tree-Latex.pdf , page15 used o
n input line 88.
(pdftex.def)             Requested size: 654.44493pt x 601.82837pt.
<bilder//yarascan_plugin_tree-Latex.pdf, id=249, page=16, 654.44495pt x 601.829
85pt>
File: bilder//yarascan_plugin_tree-Latex.pdf Graphic file (type pdf)
<use bilder//yarascan_plugin_tree-Latex.pdf, page 16>
Package pdftex.def Info: bilder//yarascan_plugin_tree-Latex.pdf , page16 used o
n input line 90.
(pdftex.def)             Requested size: 654.44493pt x 601.82837pt.
<bilder//yarascan_plugin_tree-Latex.pdf, id=250, page=17, 654.44495pt x 601.829
85pt>
File: bilder//yarascan_plugin_tree-Latex.pdf Graphic file (type pdf)
<use bilder//yarascan_plugin_tree-Latex.pdf, page 17>
Package pdftex.def Info: bilder//yarascan_plugin_tree-Latex.pdf , page17 used o
n input line 92.
(pdftex.def)             Requested size: 654.44493pt x 601.82837pt.
<bilder//yarascan_plugin_tree-Latex.pdf, id=251, page=18, 654.44495pt x 601.829
85pt>
File: bilder//yarascan_plugin_tree-Latex.pdf Graphic file (type pdf)
<use bilder//yarascan_plugin_tree-Latex.pdf, page 18>
Package pdftex.def Info: bilder//yarascan_plugin_tree-Latex.pdf , page18 used o
n input line 94.
(pdftex.def)             Requested size: 654.44493pt x 601.82837pt.
<bilder//yarascan_plugin_tree-Latex.pdf, id=252, page=19, 654.44495pt x 601.829
85pt>
File: bilder//yarascan_plugin_tree-Latex.pdf Graphic file (type pdf)
<use bilder//yarascan_plugin_tree-Latex.pdf, page 19>
Package pdftex.def Info: bilder//yarascan_plugin_tree-Latex.pdf , page19 used o
n input line 97.
(pdftex.def)             Requested size: 654.44493pt x 601.82837pt.
<bilder//yarascan_plugin_tree-Latex.pdf, id=253, page=20, 654.44495pt x 601.829
85pt>
File: bilder//yarascan_plugin_tree-Latex.pdf Graphic file (type pdf)
<use bilder//yarascan_plugin_tree-Latex.pdf, page 20>
Package pdftex.def Info: bilder//yarascan_plugin_tree-Latex.pdf , page20 used o
n input line 100.
(pdftex.def)             Requested size: 654.44493pt x 601.82837pt.
<bilder//yarascan_plugin_tree-Latex.pdf, id=254, page=21, 654.44495pt x 601.829
85pt>
File: bilder//yarascan_plugin_tree-Latex.pdf Graphic file (type pdf)
<use bilder//yarascan_plugin_tree-Latex.pdf, page 21>
Package pdftex.def Info: bilder//yarascan_plugin_tree-Latex.pdf , page21 used o
n input line 103.
(pdftex.def)             Requested size: 654.44493pt x 601.82837pt.
) [21]) [22 <./bilder//yarascan_plugin_tree-Latex.pdf> <./bilder//yarascan_plug
in_tree-Latex.pdf

pdfTeX warning: pdflatex (file ./bilder//yarascan_plugin_tree-Latex.pdf): PDF i
nclusion: multiple pdfs with page group included in a single page
> <./bilder//yarascan_plugin_tree-Latex.pdf

pdfTeX warning: pdflatex (file ./bilder//yarascan_plugin_tree-Latex.pdf): PDF i
nclusion: multiple pdfs with page group included in a single page
> <./bilder//yarascan_plugin_tree-Latex.pdf

pdfTeX warning: pdflatex (file ./bilder//yarascan_plugin_tree-Latex.pdf): PDF i
nclusion: multiple pdfs with page group included in a single page
> <./bilder//yarascan_plugin_tree-Latex.pdf

pdfTeX warning: pdflatex (file ./bilder//yarascan_plugin_tree-Latex.pdf): PDF i
nclusion: multiple pdfs with page group included in a single page
> <./bilder//yarascan_plugin_tree-Latex.pdf

pdfTeX warning: pdflatex (file ./bilder//yarascan_plugin_tree-Latex.pdf): PDF i
nclusion: multiple pdfs with page group included in a single page
> <./bilder//yarascan_plugin_tree-Latex.pdf

pdfTeX warning: pdflatex (file ./bilder//yarascan_plugin_tree-Latex.pdf): PDF i
nclusion: multiple pdfs with page group included in a single page
> <./bilder//yarascan_plugin_tree-Latex.pdf

pdfTeX warning: pdflatex (file ./bilder//yarascan_plugin_tree-Latex.pdf): PDF i
nclusion: multiple pdfs with page group included in a single page
> <./bilder//yarascan_plugin_tree-Latex.pdf

pdfTeX warning: pdflatex (file ./bilder//yarascan_plugin_tree-Latex.pdf): PDF i
nclusion: multiple pdfs with page group included in a single page
> <./bilder//yarascan_plugin_tree-Latex.pdf

pdfTeX warning: pdflatex (file ./bilder//yarascan_plugin_tree-Latex.pdf): PDF i
nclusion: multiple pdfs with page group included in a single page
> <./bilder//yarascan_plugin_tree-Latex.pdf

pdfTeX warning: pdflatex (file ./bilder//yarascan_plugin_tree-Latex.pdf): PDF i
nclusion: multiple pdfs with page group included in a single page
> <./bilder//yarascan_plugin_tree-Latex.pdf

pdfTeX warning: pdflatex (file ./bilder//yarascan_plugin_tree-Latex.pdf): PDF i
nclusion: multiple pdfs with page group included in a single page
> <./bilder//yarascan_plugin_tree-Latex.pdf

pdfTeX warning: pdflatex (file ./bilder//yarascan_plugin_tree-Latex.pdf): PDF i
nclusion: multiple pdfs with page group included in a single page
> <./bilder//yarascan_plugin_tree-Latex.pdf

pdfTeX warning: pdflatex (file ./bilder//yarascan_plugin_tree-Latex.pdf): PDF i
nclusion: multiple pdfs with page group included in a single page
> <./bilder//yarascan_plugin_tree-Latex.pdf

pdfTeX warning: pdflatex (file ./bilder//yarascan_plugin_tree-Latex.pdf): PDF i
nclusion: multiple pdfs with page group included in a single page
> <./bilder//yarascan_plugin_tree-Latex.pdf

pdfTeX warning: pdflatex (file ./bilder//yarascan_plugin_tree-Latex.pdf): PDF i
nclusion: multiple pdfs with page group included in a single page
> <./bilder//yarascan_plugin_tree-Latex.pdf

pdfTeX warning: pdflatex (file ./bilder//yarascan_plugin_tree-Latex.pdf): PDF i
nclusion: multiple pdfs with page group included in a single page
> <./bilder//yarascan_plugin_tree-Latex.pdf

pdfTeX warning: pdflatex (file ./bilder//yarascan_plugin_tree-Latex.pdf): PDF i
nclusion: multiple pdfs with page group included in a single page
> <./bilder//yarascan_plugin_tree-Latex.pdf

pdfTeX warning: pdflatex (file ./bilder//yarascan_plugin_tree-Latex.pdf): PDF i
nclusion: multiple pdfs with page group included in a single page
> <./bilder//yarascan_plugin_tree-Latex.pdf

pdfTeX warning: pdflatex (file ./bilder//yarascan_plugin_tree-Latex.pdf): PDF i
nclusion: multiple pdfs with page group included in a single page
> <./bilder//yarascan_plugin_tree-Latex.pdf

pdfTeX warning: pdflatex (file ./bilder//yarascan_plugin_tree-Latex.pdf): PDF i
nclusion: multiple pdfs with page group included in a single page
>]
\openout2 = `kapitel/05_Ergebnisse.aux'.

 (kapitel/05_Ergebnisse.tex
chapter 5.
<bilder/firefox-tabelle-logfile1vlogfile2-reduced.png, id=329, 672.01062pt x 25
7.96375pt>
File: bilder/firefox-tabelle-logfile1vlogfile2-reduced.png Graphic file (type p
ng)
<use bilder/firefox-tabelle-logfile1vlogfile2-reduced.png>
Package pdftex.def Info: bilder/firefox-tabelle-logfile1vlogfile2-reduced.png  
used on input line 28.
(pdftex.def)             Requested size: 672.00897pt x 257.9631pt.
[23




 <./bilder/firefox-tabelle-logfile1vlogfile2-reduced.png>] [24]
<bilder/firefox-sqlite-table.png, id=339, 892.83563pt x 161.85469pt>
File: bilder/firefox-sqlite-table.png Graphic file (type png)
<use bilder/firefox-sqlite-table.png>
Package pdftex.def Info: bilder/firefox-sqlite-table.png  used on input line 14
9.
(pdftex.def)             Requested size: 892.83345pt x 161.85428pt.


LaTeX Warning: `!h' float specifier changed to `!ht'.

[25]
<bilder/bar-chart-logfile1vs2-test.png, id=343, 777.231pt x 335.946pt>
File: bilder/bar-chart-logfile1vs2-test.png Graphic file (type png)
<use bilder/bar-chart-logfile1vs2-test.png>
Package pdftex.def Info: bilder/bar-chart-logfile1vs2-test.png  used on input l
ine 172.
(pdftex.def)             Requested size: 777.22911pt x 335.94518pt.
 [26 <./bilder/firefox-sqlite-table.png> <./bilder/bar-chart-logfile1vs2-test.p
ng>]
<bilder/firefox-registry-stacked-bar-chart.png, id=349, 698.172pt x 150.891pt>
File: bilder/firefox-registry-stacked-bar-chart.png Graphic file (type png)
<use bilder/firefox-registry-stacked-bar-chart.png>
Package pdftex.def Info: bilder/firefox-registry-stacked-bar-chart.png  used on
 input line 229.
(pdftex.def)             Requested size: 698.17029pt x 150.89063pt.
 [27 <./bilder/firefox-registry-stacked-bar-chart.png>]
<bilder/cfv_firefox_autopsy_web_bookmarks.png, id=354, 874.76813pt x 117.43875p
t>
File: bilder/cfv_firefox_autopsy_web_bookmarks.png Graphic file (type png)
<use bilder/cfv_firefox_autopsy_web_bookmarks.png>
Package pdftex.def Info: bilder/cfv_firefox_autopsy_web_bookmarks.png  used on 
input line 263.
(pdftex.def)             Requested size: 874.76599pt x 117.43845pt.
<bilder/cfv_firefox_autopsy_web_cookies.png, id=355, 947.03813pt x 183.68625pt>

File: bilder/cfv_firefox_autopsy_web_cookies.png Graphic file (type png)
<use bilder/cfv_firefox_autopsy_web_cookies.png>
Package pdftex.def Info: bilder/cfv_firefox_autopsy_web_cookies.png  used on in
put line 277.
(pdftex.def)             Requested size: 947.03581pt x 183.68578pt.
<bilder/cfv_firefox_autopsy_web_history.png, id=356, 1141.26375pt x 105.39375pt
>
File: bilder/cfv_firefox_autopsy_web_history.png Graphic file (type png)
<use bilder/cfv_firefox_autopsy_web_history.png>
Package pdftex.def Info: bilder/cfv_firefox_autopsy_web_history.png  used on in
put line 291.
(pdftex.def)             Requested size: 1141.26097pt x 105.39348pt.
<bilder/cfv_firefox_autopsy_web_categories.png, id=357, 962.84718pt x 51.94406p
t>
File: bilder/cfv_firefox_autopsy_web_categories.png Graphic file (type png)
<use bilder/cfv_firefox_autopsy_web_categories.png>
Package pdftex.def Info: bilder/cfv_firefox_autopsy_web_categories.png  used on
 input line 310.
(pdftex.def)             Requested size: 962.84483pt x 51.94392pt.
 [28 <./bilder/cfv_firefox_autopsy_web_bookmarks.png> <./bilder/cfv_firefox_aut
opsy_web_cookies.png> <./bilder/cfv_firefox_autopsy_web_history.png> <./bilder/
cfv_firefox_autopsy_web_categories.png>]
<bilder/volatility/firefox/keywords.png, id=365, 887.607pt x 463.185pt>
File: bilder/volatility/firefox/keywords.png Graphic file (type png)
<use bilder/volatility/firefox/keywords.png>
Package pdftex.def Info: bilder/volatility/firefox/keywords.png  used on input 
line 363.
(pdftex.def)             Requested size: 887.60483pt x 463.18385pt.
<bilder/volatility/firefox/url.png, id=366, 988.347pt x 560.64pt>
File: bilder/volatility/firefox/url.png Graphic file (type png)
<use bilder/volatility/firefox/url.png>
Package pdftex.def Info: bilder/volatility/firefox/url.png  used on input line 
374.
(pdftex.def)             Requested size: 988.34459pt x 560.63863pt.
<bilder/volatility/firefox/mail.png, id=367, 1162.89pt x 779.859pt>
File: bilder/volatility/firefox/mail.png Graphic file (type png)
<use bilder/volatility/firefox/mail.png>
Package pdftex.def Info: bilder/volatility/firefox/mail.png  used on input line
 398.
(pdftex.def)             Requested size: 1162.88716pt x 779.85709pt.


LaTeX Warning: `!h' float specifier changed to `!ht'.

[29 <./bilder/volatility/firefox/keywords.png>]

LaTeX Warning: `!h' float specifier changed to `!ht'.

<bilder/volatility/firefox/password_0xb9ce29180c8_7420.png, id=373, 462.22687pt
 x 203.25937pt>
File: bilder/volatility/firefox/password_0xb9ce29180c8_7420.png Graphic file (t
ype png)
<use bilder/volatility/firefox/password_0xb9ce29180c8_7420.png>
Package pdftex.def Info: bilder/volatility/firefox/password_0xb9ce29180c8_7420.
png  used on input line 419.
(pdftex.def)             Requested size: 462.22574pt x 203.25887pt.
<bilder/volatility/firefox/password_0x2859f4ffd4e0_7420.png, id=374, 453.94594p
t x 179.92218pt>
File: bilder/volatility/firefox/password_0x2859f4ffd4e0_7420.png Graphic file (
type png)
<use bilder/volatility/firefox/password_0x2859f4ffd4e0_7420.png>
Package pdftex.def Info: bilder/volatility/firefox/password_0x2859f4ffd4e0_7420
.png  used on input line 426.
(pdftex.def)             Requested size: 453.94482pt x 179.92174pt.
<bilder/volatility/firefox/password_0x24083b41858_8424.png, id=375, 456.95718pt
 x 170.13562pt>
File: bilder/volatility/firefox/password_0x24083b41858_8424.png Graphic file (t
ype png)
<use bilder/volatility/firefox/password_0x24083b41858_8424.png>
Package pdftex.def Info: bilder/volatility/firefox/password_0x24083b41858_8424.
png  used on input line 435.
(pdftex.def)             Requested size: 456.95605pt x 170.1352pt.
<bilder/volatility/firefox/password_0x240840e5b08_8424.png, id=376, 458.46281pt
 x 231.11343pt>
File: bilder/volatility/firefox/password_0x240840e5b08_8424.png Graphic file (t
ype png)
<use bilder/volatility/firefox/password_0x240840e5b08_8424.png>
Package pdftex.def Info: bilder/volatility/firefox/password_0x240840e5b08_8424.
png  used on input line 442.
(pdftex.def)             Requested size: 458.46169pt x 231.11287pt.

LaTeX Warning: `!h' float specifier changed to `!ht'.


LaTeX Warning: `!h' float specifier changed to `!ht'.


LaTeX Warning: `!h' float specifier changed to `!ht'.


LaTeX Warning: `!h' float specifier changed to `!ht'.

[30 <./bilder/volatility/firefox/url.png>]
<bilder/volatility/firefox/image.png, id=381, 1150.626pt x 200.385pt>
File: bilder/volatility/firefox/image.png Graphic file (type png)
<use bilder/volatility/firefox/image.png>
Package pdftex.def Info: bilder/volatility/firefox/image.png  used on input lin
e 450.
(pdftex.def)             Requested size: 1150.6232pt x 200.38449pt.


LaTeX Warning: `!h' float specifier changed to `!ht'.

<bilder/volatility/firefox/summary.png, id=382, 1566.069pt x 393.543pt>
File: bilder/volatility/firefox/summary.png Graphic file (type png)
<use bilder/volatility/firefox/summary.png>
Package pdftex.def Info: bilder/volatility/firefox/summary.png  used on input l
ine 460.
(pdftex.def)             Requested size: 1566.0652pt x 393.54202pt.

LaTeX Warning: `!h' float specifier changed to `!ht'.

[31 <./bilder/volatility/firefox/mail.png> <./bilder/volatility/firefox/passwor
d_0xb9ce29180c8_7420.png>] [32 <./bilder/volatility/firefox/password_0x2859f4ff
d4e0_7420.png> <./bilder/volatility/firefox/password_0x24083b41858_8424.png> <.
/bilder/volatility/firefox/password_0x240840e5b08_8424.png>]
<bilder/tor-tabelle-logfile1vlogfile2vlogfile3-reduced.png, id=394, 823.57687pt
 x 331.2375pt>
File: bilder/tor-tabelle-logfile1vlogfile2vlogfile3-reduced.png Graphic file (t
ype png)
<use bilder/tor-tabelle-logfile1vlogfile2vlogfile3-reduced.png>
Package pdftex.def Info: bilder/tor-tabelle-logfile1vlogfile2vlogfile3-reduced.
png  used on input line 489.
(pdftex.def)             Requested size: 823.57486pt x 331.23668pt.


LaTeX Warning: `!h' float specifier changed to `!ht'.

[33 <./bilder/volatility/firefox/image.png> <./bilder/volatility/firefox/summar
y.png>]
<bilder/tor-sqlite-table.png, id=400, 925.95938pt x 185.94469pt>
File: bilder/tor-sqlite-table.png Graphic file (type png)
<use bilder/tor-sqlite-table.png>
Package pdftex.def Info: bilder/tor-sqlite-table.png  used on input line 551.
(pdftex.def)             Requested size: 925.95712pt x 185.94421pt.


LaTeX Warning: `!h' float specifier changed to `!ht'.

[34 <./bilder/tor-tabelle-logfile1vlogfile2vlogfile3-reduced.png>]
<bilder/tor-bar-chart-logfile1vs2cs3.png, id=405, 777.231pt x 336.165pt>
File: bilder/tor-bar-chart-logfile1vs2cs3.png Graphic file (type png)
<use bilder/tor-bar-chart-logfile1vs2cs3.png>
Package pdftex.def Info: bilder/tor-bar-chart-logfile1vs2cs3.png  used on input
 line 579.
(pdftex.def)             Requested size: 777.22911pt x 336.16417pt.
 [35 <./bilder/tor-sqlite-table.png> <./bilder/tor-bar-chart-logfile1vs2cs3.png
>]
<bilder/tor-registry-stacked-bar-chart.png, id=412, 698.391pt x 150.891pt>
File: bilder/tor-registry-stacked-bar-chart.png Graphic file (type png)
<use bilder/tor-registry-stacked-bar-chart.png>
Package pdftex.def Info: bilder/tor-registry-stacked-bar-chart.png  used on inp
ut line 635.
(pdftex.def)             Requested size: 698.3893pt x 150.89063pt.
 [36 <./bilder/tor-registry-stacked-bar-chart.png>]
<bilder/cfv_tor_autopsy_web_bookmarks.png, id=417, 660.96938pt x 32.37094pt>
File: bilder/cfv_tor_autopsy_web_bookmarks.png Graphic file (type png)
<use bilder/cfv_tor_autopsy_web_bookmarks.png>
Package pdftex.def Info: bilder/cfv_tor_autopsy_web_bookmarks.png  used on inpu
t line 669.
(pdftex.def)             Requested size: 660.96776pt x 32.37085pt.
<bilder/cfv_tor_autopsy_web_cookies.png, id=418, 810.77907pt x 166.37157pt>
File: bilder/cfv_tor_autopsy_web_cookies.png Graphic file (type png)
<use bilder/cfv_tor_autopsy_web_cookies.png>
Package pdftex.def Info: bilder/cfv_tor_autopsy_web_cookies.png  used on input 
line 685.
(pdftex.def)             Requested size: 810.7771pt x 166.37114pt.
<bilder/cfv_tor_autopsy_web_history.png, id=419, 712.91344pt x 98.61844pt>
File: bilder/cfv_tor_autopsy_web_history.png Graphic file (type png)
<use bilder/cfv_tor_autopsy_web_history.png>
Package pdftex.def Info: bilder/cfv_tor_autopsy_web_history.png  used on input 
line 701.
(pdftex.def)             Requested size: 712.9117pt x 98.61818pt.
<bilder/cfv_tor_autopsy_web_categories.png, id=420, 654.94687pt x 51.19125pt>
File: bilder/cfv_tor_autopsy_web_categories.png Graphic file (type png)
<use bilder/cfv_tor_autopsy_web_categories.png>
Package pdftex.def Info: bilder/cfv_tor_autopsy_web_categories.png  used on inp
ut line 721.
(pdftex.def)             Requested size: 654.94528pt x 51.19112pt.
 [37 <./bilder/cfv_tor_autopsy_web_bookmarks.png> <./bilder/cfv_tor_autopsy_web
_cookies.png> <./bilder/cfv_tor_autopsy_web_history.png>]
File: bilder/volatility/firefox/keywords.png Graphic file (type png)
<use bilder/volatility/firefox/keywords.png>
Package pdftex.def Info: bilder/volatility/firefox/keywords.png  used on input 
line 776.
(pdftex.def)             Requested size: 887.60483pt x 463.18385pt.


LaTeX Warning: `!h' float specifier changed to `!ht'.

File: bilder/volatility/firefox/url.png Graphic file (type png)
<use bilder/volatility/firefox/url.png>
Package pdftex.def Info: bilder/volatility/firefox/url.png  used on input line 
787.
(pdftex.def)             Requested size: 988.34459pt x 560.63863pt.
File: bilder/volatility/firefox/mail.png Graphic file (type png)
<use bilder/volatility/firefox/mail.png>
Package pdftex.def Info: bilder/volatility/firefox/mail.png  used on input line
 811.
(pdftex.def)             Requested size: 1162.88716pt x 779.85709pt.

LaTeX Warning: `!h' float specifier changed to `!ht'.

[38 <./bilder/cfv_tor_autopsy_web_categories.png>] [39]
File: bilder/volatility/firefox/image.png Graphic file (type png)
<use bilder/volatility/firefox/image.png>
Package pdftex.def Info: bilder/volatility/firefox/image.png  used on input lin
e 829.
(pdftex.def)             Requested size: 1150.6232pt x 200.38449pt.
File: bilder/volatility/firefox/summary.png Graphic file (type png)
<use bilder/volatility/firefox/summary.png>
Package pdftex.def Info: bilder/volatility/firefox/summary.png  used on input l
ine 839.
(pdftex.def)             Requested size: 1566.0652pt x 393.54202pt.


LaTeX Warning: `!h' float specifier changed to `!ht'.

[40]) [41]
\openout2 = `"kapitel/06_Vergleich der Browser.aux"'.

 (kapitel/06_Vergleich der Browser.tex
chapter 6.
) [42




]
\openout2 = `kapitel/07_Diskussion.aux'.

 (kapitel/07_Diskussion.tex
chapter 7.
) [43




]
\openout2 = `kapitel/08_Fazit.aux'.

 (kapitel/08_Fazit.tex
chapter 8.
) [44




]
\openout2 = `kapitel/09_Anhang.aux'.

 (kapitel/09_Anhang.tex [45





]
<bilder/firefox-all-write-operations.png, id=453, 520.94624pt x 1173.63469pt>
File: bilder/firefox-all-write-operations.png Graphic file (type png)
<use bilder/firefox-all-write-operations.png>
Package pdftex.def Info: bilder/firefox-all-write-operations.png  used on input
 line 17.
(pdftex.def)             Requested size: 520.94498pt x 1173.63184pt.
<bilder/tor-all-write-operations.png, id=454, 489.32813pt x 1149.5447pt>
File: bilder/tor-all-write-operations.png Graphic file (type png)
<use bilder/tor-all-write-operations.png>
Package pdftex.def Info: bilder/tor-all-write-operations.png  used on input lin
e 25.
(pdftex.def)             Requested size: 489.32692pt x 1149.54189pt.
 [46 <./bilder/firefox-all-write-operations.png>]) [47 <./bilder/tor-all-write-
operations.png>]
chapter without number
LaTeX Font Info:    Font shape `T1/lmss/m/it' in size <10.95> not available
(Font)              Font shape `T1/lmss/m/sl' tried instead on input line 130.
[48



] [49] (main.aux (kapitel/01_Einführung.aux)
(kapitel/02_Theoretischer Hintergrund.aux) (kapitel/03_Ziel der Arbeit.aux)
(kapitel/04_Methodik.aux) (kapitel/05_Ergebnisse.aux)
(kapitel/06_Vergleich der Browser.aux) (kapitel/07_Diskussion.aux)
(kapitel/08_Fazit.aux) (kapitel/09_Anhang.aux))

LaTeX Warning: There were undefined references.


LaTeX Warning: There were multiply-defined labels.


Package biblatex Warning: Please (re)run Biber on the file:
(biblatex)                main
(biblatex)                and rerun LaTeX afterwards.

Package logreq Info: Writing requests to 'main.run.xml'.
\openout1 = `main.run.xml'.

 ) 
Here is how much of TeX's memory you used:
 23648 strings out of 475281
 511045 string characters out of 2774064
 1484204 words of memory out of 3000000
 44427 multiletter control sequences out of 15000+600000
 583880 words of font info for 222 fonts, out of 8000000 for 9000
 1144 hyphenation exceptions out of 8191
 108i,21n,106p,10601b,2367s stack positions out of 10000i,1000n,20000p,200000b,80000s
{C:/Users/carls/AppData/Local/Programs/MiKTeX/fonts/enc/dvips/lm/lm-ec.enc}{C
:/Users/carls/AppData/Local/Programs/MiKTeX/fonts/enc/dvips/lm/lm-ts1.enc}<C:/U
sers/carls/AppData/Local/Programs/MiKTeX/fonts/type1/public/lm/lmss10.pfb><C:/U
sers/carls/AppData/Local/Programs/MiKTeX/fonts/type1/public/lm/lmss12.pfb><C:/U
sers/carls/AppData/Local/Programs/MiKTeX/fonts/type1/public/lm/lmssbx10.pfb><C:
/Users/carls/AppData/Local/Programs/MiKTeX/fonts/type1/public/lm/lmsso10.pfb>
Output written on main.pdf (51 pages, 1674509 bytes).
PDF statistics:
 494 PDF objects out of 1000 (max. 8388607)
 0 named destinations out of 1000 (max. 500000)
 57777 words of extra memory for PDF output out of 61914 (max. 10000000)

